[35m[1mConsolidate compiler generated dependencies of target seal_parms_and_keys[0m
[35m[1mConsolidate compiler generated dependencies of target sxr_lib[0m
[35m[1mConsolidate compiler generated dependencies of target seal_server_node[0m
[ 16%] Built target seal_parms_and_keys
[ 33%] Built target sxr_lib
[ 50%] Built target seal_server_node
[35m[1mConsolidate compiler generated dependencies of target seal_encryptor[0m
[35m[1mConsolidate compiler generated dependencies of target seal_decryptor[0m
[ 66%] Built target seal_encryptor
[ 83%] Built target seal_decryptor
[35m[1mConsolidate compiler generated dependencies of target seal_client_node[0m
[ 91%] [32mBuilding CXX object CMakeFiles/seal_client_node.dir/src/seal_client_node.cpp.o[0m
[100%] [32m[1mLinking CXX executable seal_client_node[0m
[100%] Built target seal_client_node
-- Install configuration: ""
-- Installing: /home/jd/Documents/projet_integration/lib/seal-ros-bridge/install/seal_ros_nodes/lib/seal_ros_nodes/seal_client_node
-- Set runtime path of "/home/jd/Documents/projet_integration/lib/seal-ros-bridge/install/seal_ros_nodes/lib/seal_ros_nodes/seal_client_node" to ""
-- Installing: /home/jd/Documents/projet_integration/lib/seal-ros-bridge/install/seal_ros_nodes/lib/seal_ros_nodes/seal_server_node
-- Set runtime path of "/home/jd/Documents/projet_integration/lib/seal-ros-bridge/install/seal_ros_nodes/lib/seal_ros_nodes/seal_server_node" to ""
-- Installing: /home/jd/Documents/projet_integration/lib/seal-ros-bridge/install/seal_ros_nodes/share/seal_ros_nodes/launch
-- Installing: /home/jd/Documents/projet_integration/lib/seal-ros-bridge/install/seal_ros_nodes/share/seal_ros_nodes/launch/bfv.py
-- Installing: /home/jd/Documents/projet_integration/lib/seal-ros-bridge/install/seal_ros_nodes/share/seal_ros_nodes/launch/ckks.py
-- Installing: /home/jd/Documents/projet_integration/lib/seal-ros-bridge/install/seal_ros_nodes/share/seal_ros_nodes/config
-- Installing: /home/jd/Documents/projet_integration/lib/seal-ros-bridge/install/seal_ros_nodes/share/seal_ros_nodes/config/encryption_params_bfv.yaml
-- Installing: /home/jd/Documents/projet_integration/lib/seal-ros-bridge/install/seal_ros_nodes/share/seal_ros_nodes/config/encryption_params_ckks.yaml
-- Installing: /home/jd/Documents/projet_integration/lib/seal-ros-bridge/install/seal_ros_nodes/share/ament_index/resource_index/package_run_dependencies/seal_ros_nodes
-- Installing: /home/jd/Documents/projet_integration/lib/seal-ros-bridge/install/seal_ros_nodes/share/ament_index/resource_index/parent_prefix_path/seal_ros_nodes
-- Installing: /home/jd/Documents/projet_integration/lib/seal-ros-bridge/install/seal_ros_nodes/share/seal_ros_nodes/environment/ament_prefix_path.sh
-- Installing: /home/jd/Documents/projet_integration/lib/seal-ros-bridge/install/seal_ros_nodes/share/seal_ros_nodes/environment/ament_prefix_path.dsv
-- Installing: /home/jd/Documents/projet_integration/lib/seal-ros-bridge/install/seal_ros_nodes/share/seal_ros_nodes/environment/path.sh
-- Installing: /home/jd/Documents/projet_integration/lib/seal-ros-bridge/install/seal_ros_nodes/share/seal_ros_nodes/environment/path.dsv
-- Installing: /home/jd/Documents/projet_integration/lib/seal-ros-bridge/install/seal_ros_nodes/share/seal_ros_nodes/local_setup.bash
-- Installing: /home/jd/Documents/projet_integration/lib/seal-ros-bridge/install/seal_ros_nodes/share/seal_ros_nodes/local_setup.sh
-- Installing: /home/jd/Documents/projet_integration/lib/seal-ros-bridge/install/seal_ros_nodes/share/seal_ros_nodes/local_setup.zsh
-- Installing: /home/jd/Documents/projet_integration/lib/seal-ros-bridge/install/seal_ros_nodes/share/seal_ros_nodes/local_setup.dsv
-- Installing: /home/jd/Documents/projet_integration/lib/seal-ros-bridge/install/seal_ros_nodes/share/seal_ros_nodes/package.dsv
-- Installing: /home/jd/Documents/projet_integration/lib/seal-ros-bridge/install/seal_ros_nodes/share/ament_index/resource_index/packages/seal_ros_nodes
-- Installing: /home/jd/Documents/projet_integration/lib/seal-ros-bridge/install/seal_ros_nodes/share/seal_ros_nodes/cmake/seal_ros_nodesConfig.cmake
-- Installing: /home/jd/Documents/projet_integration/lib/seal-ros-bridge/install/seal_ros_nodes/share/seal_ros_nodes/cmake/seal_ros_nodesConfig-version.cmake
-- Installing: /home/jd/Documents/projet_integration/lib/seal-ros-bridge/install/seal_ros_nodes/share/seal_ros_nodes/package.xml
