[0.020s] Invoking command in '/home/jd/Documents/projet_integration/lib/seal-ros-bridge/build/seal_ros_nodes': AMENT_PREFIX_PATH=/home/jd/Documents/projet_integration/lib/seal-ros-bridge/install/seal_msgs:${AMENT_PREFIX_PATH} CMAKE_PREFIX_PATH=/home/jd/Documents/projet_integration/lib/seal-ros-bridge/install/seal_msgs:/opt/ros/humble LD_LIBRARY_PATH=/home/jd/Documents/projet_integration/lib/seal-ros-bridge/install/seal_msgs/lib:${LD_LIBRARY_PATH} PYTHONPATH=/home/jd/Documents/projet_integration/lib/seal-ros-bridge/install/seal_msgs/local/lib/python3.10/dist-packages:${PYTHONPATH} /usr/bin/cmake --build /home/jd/Documents/projet_integration/lib/seal-ros-bridge/build/seal_ros_nodes -- -j32 -l32
[0.038s] [35m[1mConsolidate compiler generated dependencies of target seal_parms_and_keys[0m
[0.038s] [35m[1mConsolidate compiler generated dependencies of target sxr_lib[0m
[0.039s] [35m[1mConsolidate compiler generated dependencies of target seal_server_node[0m
[0.047s] [ 16%] Built target seal_parms_and_keys
[0.047s] [ 33%] Built target sxr_lib
[0.049s] [ 50%] Built target seal_server_node
[0.052s] [35m[1mConsolidate compiler generated dependencies of target seal_encryptor[0m
[0.052s] [35m[1mConsolidate compiler generated dependencies of target seal_decryptor[0m
[0.058s] [ 66%] Built target seal_encryptor
[0.058s] [ 83%] Built target seal_decryptor
[0.063s] [35m[1mConsolidate compiler generated dependencies of target seal_client_node[0m
[0.071s] [ 91%] [32mBuilding CXX object CMakeFiles/seal_client_node.dir/src/seal_client_node.cpp.o[0m
[4.337s] [100%] [32m[1mLinking CXX executable seal_client_node[0m
[4.548s] [100%] Built target seal_client_node
[4.559s] Invoked command in '/home/jd/Documents/projet_integration/lib/seal-ros-bridge/build/seal_ros_nodes' returned '0': AMENT_PREFIX_PATH=/home/jd/Documents/projet_integration/lib/seal-ros-bridge/install/seal_msgs:${AMENT_PREFIX_PATH} CMAKE_PREFIX_PATH=/home/jd/Documents/projet_integration/lib/seal-ros-bridge/install/seal_msgs:/opt/ros/humble LD_LIBRARY_PATH=/home/jd/Documents/projet_integration/lib/seal-ros-bridge/install/seal_msgs/lib:${LD_LIBRARY_PATH} PYTHONPATH=/home/jd/Documents/projet_integration/lib/seal-ros-bridge/install/seal_msgs/local/lib/python3.10/dist-packages:${PYTHONPATH} /usr/bin/cmake --build /home/jd/Documents/projet_integration/lib/seal-ros-bridge/build/seal_ros_nodes -- -j32 -l32
[4.588s] Invoking command in '/home/jd/Documents/projet_integration/lib/seal-ros-bridge/build/seal_ros_nodes': AMENT_PREFIX_PATH=/home/jd/Documents/projet_integration/lib/seal-ros-bridge/install/seal_msgs:${AMENT_PREFIX_PATH} CMAKE_PREFIX_PATH=/home/jd/Documents/projet_integration/lib/seal-ros-bridge/install/seal_msgs:/opt/ros/humble LD_LIBRARY_PATH=/home/jd/Documents/projet_integration/lib/seal-ros-bridge/install/seal_msgs/lib:${LD_LIBRARY_PATH} PYTHONPATH=/home/jd/Documents/projet_integration/lib/seal-ros-bridge/install/seal_msgs/local/lib/python3.10/dist-packages:${PYTHONPATH} /usr/bin/cmake --install /home/jd/Documents/projet_integration/lib/seal-ros-bridge/build/seal_ros_nodes
[4.596s] -- Install configuration: ""
[4.596s] -- Installing: /home/jd/Documents/projet_integration/lib/seal-ros-bridge/install/seal_ros_nodes/lib/seal_ros_nodes/seal_client_node
[4.601s] -- Set runtime path of "/home/jd/Documents/projet_integration/lib/seal-ros-bridge/install/seal_ros_nodes/lib/seal_ros_nodes/seal_client_node" to ""
[4.601s] -- Installing: /home/jd/Documents/projet_integration/lib/seal-ros-bridge/install/seal_ros_nodes/lib/seal_ros_nodes/seal_server_node
[4.605s] -- Set runtime path of "/home/jd/Documents/projet_integration/lib/seal-ros-bridge/install/seal_ros_nodes/lib/seal_ros_nodes/seal_server_node" to ""
[4.605s] -- Installing: /home/jd/Documents/projet_integration/lib/seal-ros-bridge/install/seal_ros_nodes/share/seal_ros_nodes/launch
[4.605s] -- Installing: /home/jd/Documents/projet_integration/lib/seal-ros-bridge/install/seal_ros_nodes/share/seal_ros_nodes/launch/bfv.py
[4.605s] -- Installing: /home/jd/Documents/projet_integration/lib/seal-ros-bridge/install/seal_ros_nodes/share/seal_ros_nodes/launch/ckks.py
[4.605s] -- Installing: /home/jd/Documents/projet_integration/lib/seal-ros-bridge/install/seal_ros_nodes/share/seal_ros_nodes/config
[4.605s] -- Installing: /home/jd/Documents/projet_integration/lib/seal-ros-bridge/install/seal_ros_nodes/share/seal_ros_nodes/config/encryption_params_bfv.yaml
[4.606s] -- Installing: /home/jd/Documents/projet_integration/lib/seal-ros-bridge/install/seal_ros_nodes/share/seal_ros_nodes/config/encryption_params_ckks.yaml
[4.606s] -- Installing: /home/jd/Documents/projet_integration/lib/seal-ros-bridge/install/seal_ros_nodes/share/ament_index/resource_index/package_run_dependencies/seal_ros_nodes
[4.606s] -- Installing: /home/jd/Documents/projet_integration/lib/seal-ros-bridge/install/seal_ros_nodes/share/ament_index/resource_index/parent_prefix_path/seal_ros_nodes
[4.606s] -- Installing: /home/jd/Documents/projet_integration/lib/seal-ros-bridge/install/seal_ros_nodes/share/seal_ros_nodes/environment/ament_prefix_path.sh
[4.607s] -- Installing: /home/jd/Documents/projet_integration/lib/seal-ros-bridge/install/seal_ros_nodes/share/seal_ros_nodes/environment/ament_prefix_path.dsv
[4.607s] -- Installing: /home/jd/Documents/projet_integration/lib/seal-ros-bridge/install/seal_ros_nodes/share/seal_ros_nodes/environment/path.sh
[4.607s] -- Installing: /home/jd/Documents/projet_integration/lib/seal-ros-bridge/install/seal_ros_nodes/share/seal_ros_nodes/environment/path.dsv
[4.607s] -- Installing: /home/jd/Documents/projet_integration/lib/seal-ros-bridge/install/seal_ros_nodes/share/seal_ros_nodes/local_setup.bash
[4.607s] -- Installing: /home/jd/Documents/projet_integration/lib/seal-ros-bridge/install/seal_ros_nodes/share/seal_ros_nodes/local_setup.sh
[4.607s] -- Installing: /home/jd/Documents/projet_integration/lib/seal-ros-bridge/install/seal_ros_nodes/share/seal_ros_nodes/local_setup.zsh
[4.607s] -- Installing: /home/jd/Documents/projet_integration/lib/seal-ros-bridge/install/seal_ros_nodes/share/seal_ros_nodes/local_setup.dsv
[4.607s] -- Installing: /home/jd/Documents/projet_integration/lib/seal-ros-bridge/install/seal_ros_nodes/share/seal_ros_nodes/package.dsv
[4.607s] -- Installing: /home/jd/Documents/projet_integration/lib/seal-ros-bridge/install/seal_ros_nodes/share/ament_index/resource_index/packages/seal_ros_nodes
[4.607s] -- Installing: /home/jd/Documents/projet_integration/lib/seal-ros-bridge/install/seal_ros_nodes/share/seal_ros_nodes/cmake/seal_ros_nodesConfig.cmake
[4.607s] -- Installing: /home/jd/Documents/projet_integration/lib/seal-ros-bridge/install/seal_ros_nodes/share/seal_ros_nodes/cmake/seal_ros_nodesConfig-version.cmake
[4.607s] -- Installing: /home/jd/Documents/projet_integration/lib/seal-ros-bridge/install/seal_ros_nodes/share/seal_ros_nodes/package.xml
[4.609s] Invoked command in '/home/jd/Documents/projet_integration/lib/seal-ros-bridge/build/seal_ros_nodes' returned '0': AMENT_PREFIX_PATH=/home/jd/Documents/projet_integration/lib/seal-ros-bridge/install/seal_msgs:${AMENT_PREFIX_PATH} CMAKE_PREFIX_PATH=/home/jd/Documents/projet_integration/lib/seal-ros-bridge/install/seal_msgs:/opt/ros/humble LD_LIBRARY_PATH=/home/jd/Documents/projet_integration/lib/seal-ros-bridge/install/seal_msgs/lib:${LD_LIBRARY_PATH} PYTHONPATH=/home/jd/Documents/projet_integration/lib/seal-ros-bridge/install/seal_msgs/local/lib/python3.10/dist-packages:${PYTHONPATH} /usr/bin/cmake --install /home/jd/Documents/projet_integration/lib/seal-ros-bridge/build/seal_ros_nodes
