-- Found ament_cmake: 1.3.6 (/opt/ros/humble/share/ament_cmake/cmake)
-- Found Python3: /usr/bin/python3.10 (found version "3.10.12") found components: Interpreter 
-- Found rosidl_default_generators: 1.2.0 (/opt/ros/humble/share/rosidl_default_generators/cmake)
-- Using all available rosidl_typesupport_c: rosidl_typesupport_fastrtps_c;rosidl_typesupport_introspection_c
-- Found rosidl_adapter: 3.1.5 (/opt/ros/humble/share/rosidl_adapter/cmake)
-- Using all available rosidl_typesupport_cpp: rosidl_typesupport_fastrtps_cpp;rosidl_typesupport_introspection_cpp
-- Found std_msgs: 4.2.3 (/opt/ros/humble/share/std_msgs/cmake)
-- Found ament_cmake_ros: 0.10.0 (/opt/ros/humble/share/ament_cmake_ros/cmake)
-- Using all available rosidl_typesupport_c: rosidl_typesupport_fastrtps_c;rosidl_typesupport_introspection_c
-- Using all available rosidl_typesupport_cpp: rosidl_typesupport_fastrtps_cpp;rosidl_typesupport_introspection_cpp
-- Found PythonInterp: /usr/bin/python3 (found suitable version "3.10.12", minimum required is "3.6") 
-- Found python_cmake_module: 0.10.0 (/opt/ros/humble/share/python_cmake_module/cmake)
-- Found PythonLibs: /usr/lib/x86_64-linux-gnu/libpython3.10.so (found suitable version "3.10.12", minimum required is "3.5") 
-- Using PYTHON_EXECUTABLE: /usr/bin/python3
-- Using PYTHON_INCLUDE_DIRS: /usr/include/python3.10
-- Using PYTHON_LIBRARIES: /usr/lib/x86_64-linux-gnu/libpython3.10.so
-- Found PythonExtra: .so  
-- Found ament_lint_auto: 0.12.9 (/opt/ros/humble/share/ament_lint_auto/cmake)
-- Configuring done
-- Generating done
-- Build files have been written to: /home/jd/Documents/projet_integration/lib/seal-ros-bridge/build/seal_msgs
[  2%] [34m[1mGenerating C code for ROS interfaces[0m
[  5%] [34m[1mGenerating C++ code for ROS interfaces[0m
[  5%] Built target ament_cmake_python_copy_seal_msgs
running egg_info
creating seal_msgs.egg-info
writing seal_msgs.egg-info/PKG-INFO
writing dependency_links to seal_msgs.egg-info/dependency_links.txt
writing top-level names to seal_msgs.egg-info/top_level.txt
writing manifest file 'seal_msgs.egg-info/SOURCES.txt'
reading manifest file 'seal_msgs.egg-info/SOURCES.txt'
writing manifest file 'seal_msgs.egg-info/SOURCES.txt'
[  5%] Built target ament_cmake_python_build_seal_msgs_egg
[  5%] Built target seal_msgs__cpp
[ 12%] [34m[1mGenerating C++ type support for eProsima Fast-RTPS[0m
[ 12%] [32mBuilding C object CMakeFiles/seal_msgs__rosidl_generator_c.dir/rosidl_generator_c/seal_msgs/msg/detail/seal_data__functions.c.o[0m
[ 15%] [34m[1mGenerating C++ introspection for ROS interfaces[0m
[ 17%] [32mBuilding C object CMakeFiles/seal_msgs__rosidl_generator_c.dir/rosidl_generator_c/seal_msgs/srv/detail/key_exchange__functions.c.o[0m
[ 17%] [34m[1mGenerating C++ type support dispatch for ROS interfaces[0m
[ 20%] [32m[1mLinking C shared library libseal_msgs__rosidl_generator_c.so[0m
[ 20%] Built target seal_msgs__rosidl_generator_c
[ 28%] [34m[1mGenerating C introspection for ROS interfaces[0m
[ 28%] [34m[1mGenerating C type support dispatch for ROS interfaces[0m
[ 28%] [34m[1mGenerating C type support for eProsima Fast-RTPS[0m
[ 30%] [32mBuilding CXX object CMakeFiles/seal_msgs__rosidl_typesupport_cpp.dir/rosidl_typesupport_cpp/seal_msgs/srv/key_exchange__type_support.cpp.o[0m
[ 33%] [32mBuilding CXX object CMakeFiles/seal_msgs__rosidl_typesupport_cpp.dir/rosidl_typesupport_cpp/seal_msgs/msg/seal_data__type_support.cpp.o[0m
[ 38%] [32mBuilding CXX object CMakeFiles/seal_msgs__rosidl_typesupport_introspection_cpp.dir/rosidl_typesupport_introspection_cpp/seal_msgs/srv/detail/key_exchange__type_support.cpp.o[0m
[ 38%] [32mBuilding CXX object CMakeFiles/seal_msgs__rosidl_typesupport_introspection_cpp.dir/rosidl_typesupport_introspection_cpp/seal_msgs/msg/detail/seal_data__type_support.cpp.o[0m
[ 41%] [32mBuilding CXX object CMakeFiles/seal_msgs__rosidl_typesupport_fastrtps_cpp.dir/rosidl_typesupport_fastrtps_cpp/seal_msgs/msg/detail/dds_fastrtps/seal_data__type_support.cpp.o[0m
[ 43%] [32mBuilding CXX object CMakeFiles/seal_msgs__rosidl_typesupport_fastrtps_cpp.dir/rosidl_typesupport_fastrtps_cpp/seal_msgs/srv/detail/dds_fastrtps/key_exchange__type_support.cpp.o[0m
[ 48%] [32mBuilding CXX object CMakeFiles/seal_msgs__rosidl_typesupport_c.dir/rosidl_typesupport_c/seal_msgs/msg/seal_data__type_support.cpp.o[0m
[ 48%] [32mBuilding CXX object CMakeFiles/seal_msgs__rosidl_typesupport_c.dir/rosidl_typesupport_c/seal_msgs/srv/key_exchange__type_support.cpp.o[0m
[ 56%] [32m[1mLinking CXX shared library libseal_msgs__rosidl_typesupport_c.so[0m
[ 56%] [32mBuilding C object CMakeFiles/seal_msgs__rosidl_typesupport_introspection_c.dir/rosidl_typesupport_introspection_c/seal_msgs/msg/detail/seal_data__type_support.c.o[0m
[ 56%] [32mBuilding C object CMakeFiles/seal_msgs__rosidl_typesupport_introspection_c.dir/rosidl_typesupport_introspection_c/seal_msgs/srv/detail/key_exchange__type_support.c.o[0m
[ 58%] [32m[1mLinking C shared library libseal_msgs__rosidl_typesupport_introspection_c.so[0m
[ 58%] Built target seal_msgs__rosidl_typesupport_c
[ 58%] Built target seal_msgs__rosidl_typesupport_introspection_c
[ 61%] [32mBuilding CXX object CMakeFiles/seal_msgs__rosidl_typesupport_fastrtps_c.dir/rosidl_typesupport_fastrtps_c/seal_msgs/srv/detail/key_exchange__type_support_c.cpp.o[0m
[ 64%] [32mBuilding CXX object CMakeFiles/seal_msgs__rosidl_typesupport_fastrtps_c.dir/rosidl_typesupport_fastrtps_c/seal_msgs/msg/detail/seal_data__type_support_c.cpp.o[0m
[ 66%] [32m[1mLinking CXX shared library libseal_msgs__rosidl_typesupport_cpp.so[0m
[ 66%] Built target seal_msgs__rosidl_typesupport_cpp
[ 69%] [32m[1mLinking CXX shared library libseal_msgs__rosidl_typesupport_introspection_cpp.so[0m
[ 69%] Built target seal_msgs__rosidl_typesupport_introspection_cpp
[ 71%] [32m[1mLinking CXX shared library libseal_msgs__rosidl_typesupport_fastrtps_cpp.so[0m
[ 74%] [32m[1mLinking CXX shared library libseal_msgs__rosidl_typesupport_fastrtps_c.so[0m
[ 74%] Built target seal_msgs__rosidl_typesupport_fastrtps_cpp
[ 74%] Built target seal_msgs__rosidl_typesupport_fastrtps_c
[ 74%] Built target seal_msgs
[ 76%] [34m[1mGenerating Python code for ROS interfaces[0m
[ 76%] Built target seal_msgs__py
[ 79%] [32mBuilding C object CMakeFiles/seal_msgs__rosidl_generator_py.dir/rosidl_generator_py/seal_msgs/msg/_seal_data_s.c.o[0m
[ 82%] [32mBuilding C object CMakeFiles/seal_msgs__rosidl_generator_py.dir/rosidl_generator_py/seal_msgs/srv/_key_exchange_s.c.o[0m
[ 84%] [32m[1mLinking C shared library rosidl_generator_py/seal_msgs/libseal_msgs__rosidl_generator_py.so[0m
[ 84%] Built target seal_msgs__rosidl_generator_py
[ 92%] [32mBuilding C object CMakeFiles/seal_msgs__rosidl_typesupport_fastrtps_c__pyext.dir/rosidl_generator_py/seal_msgs/_seal_msgs_s.ep.rosidl_typesupport_fastrtps_c.c.o[0m
[ 92%] [32mBuilding C object CMakeFiles/seal_msgs__rosidl_typesupport_introspection_c__pyext.dir/rosidl_generator_py/seal_msgs/_seal_msgs_s.ep.rosidl_typesupport_introspection_c.c.o[0m
[ 92%] [32mBuilding C object CMakeFiles/seal_msgs__rosidl_typesupport_c__pyext.dir/rosidl_generator_py/seal_msgs/_seal_msgs_s.ep.rosidl_typesupport_c.c.o[0m
[ 97%] [32m[1mLinking C shared library rosidl_generator_py/seal_msgs/seal_msgs_s__rosidl_typesupport_introspection_c.cpython-310-x86_64-linux-gnu.so[0m
[ 97%] [32m[1mLinking C shared library rosidl_generator_py/seal_msgs/seal_msgs_s__rosidl_typesupport_c.cpython-310-x86_64-linux-gnu.so[0m
[100%] [32m[1mLinking C shared library rosidl_generator_py/seal_msgs/seal_msgs_s__rosidl_typesupport_fastrtps_c.cpython-310-x86_64-linux-gnu.so[0m
[100%] Built target seal_msgs__rosidl_typesupport_introspection_c__pyext
[100%] Built target seal_msgs__rosidl_typesupport_c__pyext
[100%] Built target seal_msgs__rosidl_typesupport_fastrtps_c__pyext
-- Install configuration: ""
-- Installing: /home/jd/Documents/projet_integration/lib/seal-ros-bridge/install/seal_msgs/share/ament_index/resource_index/rosidl_interfaces/seal_msgs
-- Installing: /home/jd/Documents/projet_integration/lib/seal-ros-bridge/install/seal_msgs/include/seal_msgs/seal_msgs
-- Installing: /home/jd/Documents/projet_integration/lib/seal-ros-bridge/install/seal_msgs/include/seal_msgs/seal_msgs/msg
-- Installing: /home/jd/Documents/projet_integration/lib/seal-ros-bridge/install/seal_msgs/include/seal_msgs/seal_msgs/msg/detail
-- Installing: /home/jd/Documents/projet_integration/lib/seal-ros-bridge/install/seal_msgs/include/seal_msgs/seal_msgs/msg/detail/seal_data__struct.h
-- Installing: /home/jd/Documents/projet_integration/lib/seal-ros-bridge/install/seal_msgs/include/seal_msgs/seal_msgs/msg/detail/seal_data__functions.c
-- Installing: /home/jd/Documents/projet_integration/lib/seal-ros-bridge/install/seal_msgs/include/seal_msgs/seal_msgs/msg/detail/seal_data__type_support.h
-- Installing: /home/jd/Documents/projet_integration/lib/seal-ros-bridge/install/seal_msgs/include/seal_msgs/seal_msgs/msg/detail/seal_data__functions.h
-- Installing: /home/jd/Documents/projet_integration/lib/seal-ros-bridge/install/seal_msgs/include/seal_msgs/seal_msgs/msg/rosidl_generator_c__visibility_control.h
-- Installing: /home/jd/Documents/projet_integration/lib/seal-ros-bridge/install/seal_msgs/include/seal_msgs/seal_msgs/msg/seal_data.h
-- Installing: /home/jd/Documents/projet_integration/lib/seal-ros-bridge/install/seal_msgs/include/seal_msgs/seal_msgs/srv
-- Installing: /home/jd/Documents/projet_integration/lib/seal-ros-bridge/install/seal_msgs/include/seal_msgs/seal_msgs/srv/detail
-- Installing: /home/jd/Documents/projet_integration/lib/seal-ros-bridge/install/seal_msgs/include/seal_msgs/seal_msgs/srv/detail/key_exchange__type_support.h
-- Installing: /home/jd/Documents/projet_integration/lib/seal-ros-bridge/install/seal_msgs/include/seal_msgs/seal_msgs/srv/detail/key_exchange__struct.h
-- Installing: /home/jd/Documents/projet_integration/lib/seal-ros-bridge/install/seal_msgs/include/seal_msgs/seal_msgs/srv/detail/key_exchange__functions.h
-- Installing: /home/jd/Documents/projet_integration/lib/seal-ros-bridge/install/seal_msgs/include/seal_msgs/seal_msgs/srv/detail/key_exchange__functions.c
-- Installing: /home/jd/Documents/projet_integration/lib/seal-ros-bridge/install/seal_msgs/include/seal_msgs/seal_msgs/srv/key_exchange.h
-- Installing: /home/jd/Documents/projet_integration/lib/seal-ros-bridge/install/seal_msgs/share/seal_msgs/environment/library_path.sh
-- Installing: /home/jd/Documents/projet_integration/lib/seal-ros-bridge/install/seal_msgs/share/seal_msgs/environment/library_path.dsv
-- Installing: /home/jd/Documents/projet_integration/lib/seal-ros-bridge/install/seal_msgs/lib/libseal_msgs__rosidl_generator_c.so
-- Set runtime path of "/home/jd/Documents/projet_integration/lib/seal-ros-bridge/install/seal_msgs/lib/libseal_msgs__rosidl_generator_c.so" to ""
-- Up-to-date: /home/jd/Documents/projet_integration/lib/seal-ros-bridge/install/seal_msgs/include/seal_msgs/seal_msgs
-- Up-to-date: /home/jd/Documents/projet_integration/lib/seal-ros-bridge/install/seal_msgs/include/seal_msgs/seal_msgs/msg
-- Up-to-date: /home/jd/Documents/projet_integration/lib/seal-ros-bridge/install/seal_msgs/include/seal_msgs/seal_msgs/msg/detail
-- Installing: /home/jd/Documents/projet_integration/lib/seal-ros-bridge/install/seal_msgs/include/seal_msgs/seal_msgs/msg/detail/seal_data__rosidl_typesupport_fastrtps_c.h
-- Installing: /home/jd/Documents/projet_integration/lib/seal-ros-bridge/install/seal_msgs/include/seal_msgs/seal_msgs/msg/rosidl_typesupport_fastrtps_c__visibility_control.h
-- Up-to-date: /home/jd/Documents/projet_integration/lib/seal-ros-bridge/install/seal_msgs/include/seal_msgs/seal_msgs/srv
-- Up-to-date: /home/jd/Documents/projet_integration/lib/seal-ros-bridge/install/seal_msgs/include/seal_msgs/seal_msgs/srv/detail
-- Installing: /home/jd/Documents/projet_integration/lib/seal-ros-bridge/install/seal_msgs/include/seal_msgs/seal_msgs/srv/detail/key_exchange__rosidl_typesupport_fastrtps_c.h
-- Installing: /home/jd/Documents/projet_integration/lib/seal-ros-bridge/install/seal_msgs/lib/libseal_msgs__rosidl_typesupport_fastrtps_c.so
-- Set runtime path of "/home/jd/Documents/projet_integration/lib/seal-ros-bridge/install/seal_msgs/lib/libseal_msgs__rosidl_typesupport_fastrtps_c.so" to ""
-- Up-to-date: /home/jd/Documents/projet_integration/lib/seal-ros-bridge/install/seal_msgs/include/seal_msgs/seal_msgs
-- Up-to-date: /home/jd/Documents/projet_integration/lib/seal-ros-bridge/install/seal_msgs/include/seal_msgs/seal_msgs/msg
-- Up-to-date: /home/jd/Documents/projet_integration/lib/seal-ros-bridge/install/seal_msgs/include/seal_msgs/seal_msgs/msg/detail
-- Installing: /home/jd/Documents/projet_integration/lib/seal-ros-bridge/install/seal_msgs/include/seal_msgs/seal_msgs/msg/detail/seal_data__rosidl_typesupport_introspection_c.h
-- Installing: /home/jd/Documents/projet_integration/lib/seal-ros-bridge/install/seal_msgs/include/seal_msgs/seal_msgs/msg/detail/seal_data__type_support.c
-- Installing: /home/jd/Documents/projet_integration/lib/seal-ros-bridge/install/seal_msgs/include/seal_msgs/seal_msgs/msg/rosidl_typesupport_introspection_c__visibility_control.h
-- Up-to-date: /home/jd/Documents/projet_integration/lib/seal-ros-bridge/install/seal_msgs/include/seal_msgs/seal_msgs/srv
-- Up-to-date: /home/jd/Documents/projet_integration/lib/seal-ros-bridge/install/seal_msgs/include/seal_msgs/seal_msgs/srv/detail
-- Installing: /home/jd/Documents/projet_integration/lib/seal-ros-bridge/install/seal_msgs/include/seal_msgs/seal_msgs/srv/detail/key_exchange__rosidl_typesupport_introspection_c.h
-- Installing: /home/jd/Documents/projet_integration/lib/seal-ros-bridge/install/seal_msgs/include/seal_msgs/seal_msgs/srv/detail/key_exchange__type_support.c
-- Installing: /home/jd/Documents/projet_integration/lib/seal-ros-bridge/install/seal_msgs/lib/libseal_msgs__rosidl_typesupport_introspection_c.so
-- Set runtime path of "/home/jd/Documents/projet_integration/lib/seal-ros-bridge/install/seal_msgs/lib/libseal_msgs__rosidl_typesupport_introspection_c.so" to ""
-- Installing: /home/jd/Documents/projet_integration/lib/seal-ros-bridge/install/seal_msgs/lib/libseal_msgs__rosidl_typesupport_c.so
-- Set runtime path of "/home/jd/Documents/projet_integration/lib/seal-ros-bridge/install/seal_msgs/lib/libseal_msgs__rosidl_typesupport_c.so" to ""
-- Up-to-date: /home/jd/Documents/projet_integration/lib/seal-ros-bridge/install/seal_msgs/include/seal_msgs/seal_msgs
-- Up-to-date: /home/jd/Documents/projet_integration/lib/seal-ros-bridge/install/seal_msgs/include/seal_msgs/seal_msgs/msg
-- Up-to-date: /home/jd/Documents/projet_integration/lib/seal-ros-bridge/install/seal_msgs/include/seal_msgs/seal_msgs/msg/detail
-- Installing: /home/jd/Documents/projet_integration/lib/seal-ros-bridge/install/seal_msgs/include/seal_msgs/seal_msgs/msg/detail/seal_data__struct.hpp
-- Installing: /home/jd/Documents/projet_integration/lib/seal-ros-bridge/install/seal_msgs/include/seal_msgs/seal_msgs/msg/detail/seal_data__traits.hpp
-- Installing: /home/jd/Documents/projet_integration/lib/seal-ros-bridge/install/seal_msgs/include/seal_msgs/seal_msgs/msg/detail/seal_data__builder.hpp
-- Installing: /home/jd/Documents/projet_integration/lib/seal-ros-bridge/install/seal_msgs/include/seal_msgs/seal_msgs/msg/seal_data.hpp
-- Up-to-date: /home/jd/Documents/projet_integration/lib/seal-ros-bridge/install/seal_msgs/include/seal_msgs/seal_msgs/srv
-- Up-to-date: /home/jd/Documents/projet_integration/lib/seal-ros-bridge/install/seal_msgs/include/seal_msgs/seal_msgs/srv/detail
-- Installing: /home/jd/Documents/projet_integration/lib/seal-ros-bridge/install/seal_msgs/include/seal_msgs/seal_msgs/srv/detail/key_exchange__traits.hpp
-- Installing: /home/jd/Documents/projet_integration/lib/seal-ros-bridge/install/seal_msgs/include/seal_msgs/seal_msgs/srv/detail/key_exchange__struct.hpp
-- Installing: /home/jd/Documents/projet_integration/lib/seal-ros-bridge/install/seal_msgs/include/seal_msgs/seal_msgs/srv/detail/key_exchange__builder.hpp
-- Installing: /home/jd/Documents/projet_integration/lib/seal-ros-bridge/install/seal_msgs/include/seal_msgs/seal_msgs/srv/key_exchange.hpp
-- Up-to-date: /home/jd/Documents/projet_integration/lib/seal-ros-bridge/install/seal_msgs/include/seal_msgs/seal_msgs
-- Up-to-date: /home/jd/Documents/projet_integration/lib/seal-ros-bridge/install/seal_msgs/include/seal_msgs/seal_msgs/msg
-- Installing: /home/jd/Documents/projet_integration/lib/seal-ros-bridge/install/seal_msgs/include/seal_msgs/seal_msgs/msg/rosidl_typesupport_fastrtps_cpp__visibility_control.h
-- Up-to-date: /home/jd/Documents/projet_integration/lib/seal-ros-bridge/install/seal_msgs/include/seal_msgs/seal_msgs/msg/detail
-- Installing: /home/jd/Documents/projet_integration/lib/seal-ros-bridge/install/seal_msgs/include/seal_msgs/seal_msgs/msg/detail/seal_data__rosidl_typesupport_fastrtps_cpp.hpp
-- Installing: /home/jd/Documents/projet_integration/lib/seal-ros-bridge/install/seal_msgs/include/seal_msgs/seal_msgs/msg/detail/dds_fastrtps
-- Up-to-date: /home/jd/Documents/projet_integration/lib/seal-ros-bridge/install/seal_msgs/include/seal_msgs/seal_msgs/srv
-- Up-to-date: /home/jd/Documents/projet_integration/lib/seal-ros-bridge/install/seal_msgs/include/seal_msgs/seal_msgs/srv/detail
-- Installing: /home/jd/Documents/projet_integration/lib/seal-ros-bridge/install/seal_msgs/include/seal_msgs/seal_msgs/srv/detail/dds_fastrtps
-- Installing: /home/jd/Documents/projet_integration/lib/seal-ros-bridge/install/seal_msgs/include/seal_msgs/seal_msgs/srv/detail/key_exchange__rosidl_typesupport_fastrtps_cpp.hpp
-- Installing: /home/jd/Documents/projet_integration/lib/seal-ros-bridge/install/seal_msgs/lib/libseal_msgs__rosidl_typesupport_fastrtps_cpp.so
-- Set runtime path of "/home/jd/Documents/projet_integration/lib/seal-ros-bridge/install/seal_msgs/lib/libseal_msgs__rosidl_typesupport_fastrtps_cpp.so" to ""
-- Up-to-date: /home/jd/Documents/projet_integration/lib/seal-ros-bridge/install/seal_msgs/include/seal_msgs/seal_msgs
-- Up-to-date: /home/jd/Documents/projet_integration/lib/seal-ros-bridge/install/seal_msgs/include/seal_msgs/seal_msgs/msg
-- Up-to-date: /home/jd/Documents/projet_integration/lib/seal-ros-bridge/install/seal_msgs/include/seal_msgs/seal_msgs/msg/detail
-- Installing: /home/jd/Documents/projet_integration/lib/seal-ros-bridge/install/seal_msgs/include/seal_msgs/seal_msgs/msg/detail/seal_data__rosidl_typesupport_introspection_cpp.hpp
-- Installing: /home/jd/Documents/projet_integration/lib/seal-ros-bridge/install/seal_msgs/include/seal_msgs/seal_msgs/msg/detail/seal_data__type_support.cpp
-- Up-to-date: /home/jd/Documents/projet_integration/lib/seal-ros-bridge/install/seal_msgs/include/seal_msgs/seal_msgs/srv
-- Up-to-date: /home/jd/Documents/projet_integration/lib/seal-ros-bridge/install/seal_msgs/include/seal_msgs/seal_msgs/srv/detail
-- Installing: /home/jd/Documents/projet_integration/lib/seal-ros-bridge/install/seal_msgs/include/seal_msgs/seal_msgs/srv/detail/key_exchange__type_support.cpp
-- Installing: /home/jd/Documents/projet_integration/lib/seal-ros-bridge/install/seal_msgs/include/seal_msgs/seal_msgs/srv/detail/key_exchange__rosidl_typesupport_introspection_cpp.hpp
-- Installing: /home/jd/Documents/projet_integration/lib/seal-ros-bridge/install/seal_msgs/lib/libseal_msgs__rosidl_typesupport_introspection_cpp.so
-- Set runtime path of "/home/jd/Documents/projet_integration/lib/seal-ros-bridge/install/seal_msgs/lib/libseal_msgs__rosidl_typesupport_introspection_cpp.so" to ""
-- Installing: /home/jd/Documents/projet_integration/lib/seal-ros-bridge/install/seal_msgs/lib/libseal_msgs__rosidl_typesupport_cpp.so
-- Set runtime path of "/home/jd/Documents/projet_integration/lib/seal-ros-bridge/install/seal_msgs/lib/libseal_msgs__rosidl_typesupport_cpp.so" to ""
-- Installing: /home/jd/Documents/projet_integration/lib/seal-ros-bridge/install/seal_msgs/share/seal_msgs/environment/pythonpath.sh
-- Installing: /home/jd/Documents/projet_integration/lib/seal-ros-bridge/install/seal_msgs/share/seal_msgs/environment/pythonpath.dsv
-- Installing: /home/jd/Documents/projet_integration/lib/seal-ros-bridge/install/seal_msgs/local/lib/python3.10/dist-packages/seal_msgs-1.0.0-py3.10.egg-info
-- Installing: /home/jd/Documents/projet_integration/lib/seal-ros-bridge/install/seal_msgs/local/lib/python3.10/dist-packages/seal_msgs-1.0.0-py3.10.egg-info/PKG-INFO
-- Installing: /home/jd/Documents/projet_integration/lib/seal-ros-bridge/install/seal_msgs/local/lib/python3.10/dist-packages/seal_msgs-1.0.0-py3.10.egg-info/SOURCES.txt
-- Installing: /home/jd/Documents/projet_integration/lib/seal-ros-bridge/install/seal_msgs/local/lib/python3.10/dist-packages/seal_msgs-1.0.0-py3.10.egg-info/top_level.txt
-- Installing: /home/jd/Documents/projet_integration/lib/seal-ros-bridge/install/seal_msgs/local/lib/python3.10/dist-packages/seal_msgs-1.0.0-py3.10.egg-info/dependency_links.txt
-- Installing: /home/jd/Documents/projet_integration/lib/seal-ros-bridge/install/seal_msgs/local/lib/python3.10/dist-packages/seal_msgs
-- Installing: /home/jd/Documents/projet_integration/lib/seal-ros-bridge/install/seal_msgs/local/lib/python3.10/dist-packages/seal_msgs/_seal_msgs_s.ep.rosidl_typesupport_fastrtps_c.c
-- Installing: /home/jd/Documents/projet_integration/lib/seal-ros-bridge/install/seal_msgs/local/lib/python3.10/dist-packages/seal_msgs/seal_msgs_s__rosidl_typesupport_fastrtps_c.cpython-310-x86_64-linux-gnu.so
-- Installing: /home/jd/Documents/projet_integration/lib/seal-ros-bridge/install/seal_msgs/local/lib/python3.10/dist-packages/seal_msgs/_seal_msgs_s.ep.rosidl_typesupport_c.c
-- Installing: /home/jd/Documents/projet_integration/lib/seal-ros-bridge/install/seal_msgs/local/lib/python3.10/dist-packages/seal_msgs/libseal_msgs__rosidl_generator_py.so
-- Installing: /home/jd/Documents/projet_integration/lib/seal-ros-bridge/install/seal_msgs/local/lib/python3.10/dist-packages/seal_msgs/msg
-- Installing: /home/jd/Documents/projet_integration/lib/seal-ros-bridge/install/seal_msgs/local/lib/python3.10/dist-packages/seal_msgs/msg/_seal_data_s.c
-- Installing: /home/jd/Documents/projet_integration/lib/seal-ros-bridge/install/seal_msgs/local/lib/python3.10/dist-packages/seal_msgs/msg/_seal_data.py
-- Installing: /home/jd/Documents/projet_integration/lib/seal-ros-bridge/install/seal_msgs/local/lib/python3.10/dist-packages/seal_msgs/msg/__init__.py
-- Installing: /home/jd/Documents/projet_integration/lib/seal-ros-bridge/install/seal_msgs/local/lib/python3.10/dist-packages/seal_msgs/srv
-- Installing: /home/jd/Documents/projet_integration/lib/seal-ros-bridge/install/seal_msgs/local/lib/python3.10/dist-packages/seal_msgs/srv/_key_exchange.py
-- Installing: /home/jd/Documents/projet_integration/lib/seal-ros-bridge/install/seal_msgs/local/lib/python3.10/dist-packages/seal_msgs/srv/_key_exchange_s.c
-- Installing: /home/jd/Documents/projet_integration/lib/seal-ros-bridge/install/seal_msgs/local/lib/python3.10/dist-packages/seal_msgs/srv/__init__.py
-- Installing: /home/jd/Documents/projet_integration/lib/seal-ros-bridge/install/seal_msgs/local/lib/python3.10/dist-packages/seal_msgs/seal_msgs_s__rosidl_typesupport_c.cpython-310-x86_64-linux-gnu.so
-- Installing: /home/jd/Documents/projet_integration/lib/seal-ros-bridge/install/seal_msgs/local/lib/python3.10/dist-packages/seal_msgs/_seal_msgs_s.ep.rosidl_typesupport_introspection_c.c
-- Installing: /home/jd/Documents/projet_integration/lib/seal-ros-bridge/install/seal_msgs/local/lib/python3.10/dist-packages/seal_msgs/seal_msgs_s__rosidl_typesupport_introspection_c.cpython-310-x86_64-linux-gnu.so
-- Installing: /home/jd/Documents/projet_integration/lib/seal-ros-bridge/install/seal_msgs/local/lib/python3.10/dist-packages/seal_msgs/__init__.py
Listing '/home/jd/Documents/projet_integration/lib/seal-ros-bridge/install/seal_msgs/local/lib/python3.10/dist-packages/seal_msgs'...
Compiling '/home/jd/Documents/projet_integration/lib/seal-ros-bridge/install/seal_msgs/local/lib/python3.10/dist-packages/seal_msgs/__init__.py'...
Listing '/home/jd/Documents/projet_integration/lib/seal-ros-bridge/install/seal_msgs/local/lib/python3.10/dist-packages/seal_msgs/msg'...
Compiling '/home/jd/Documents/projet_integration/lib/seal-ros-bridge/install/seal_msgs/local/lib/python3.10/dist-packages/seal_msgs/msg/__init__.py'...
Compiling '/home/jd/Documents/projet_integration/lib/seal-ros-bridge/install/seal_msgs/local/lib/python3.10/dist-packages/seal_msgs/msg/_seal_data.py'...
Listing '/home/jd/Documents/projet_integration/lib/seal-ros-bridge/install/seal_msgs/local/lib/python3.10/dist-packages/seal_msgs/srv'...
Compiling '/home/jd/Documents/projet_integration/lib/seal-ros-bridge/install/seal_msgs/local/lib/python3.10/dist-packages/seal_msgs/srv/__init__.py'...
Compiling '/home/jd/Documents/projet_integration/lib/seal-ros-bridge/install/seal_msgs/local/lib/python3.10/dist-packages/seal_msgs/srv/_key_exchange.py'...
-- Installing: /home/jd/Documents/projet_integration/lib/seal-ros-bridge/install/seal_msgs/local/lib/python3.10/dist-packages/seal_msgs/seal_msgs_s__rosidl_typesupport_fastrtps_c.cpython-310-x86_64-linux-gnu.so
-- Set runtime path of "/home/jd/Documents/projet_integration/lib/seal-ros-bridge/install/seal_msgs/local/lib/python3.10/dist-packages/seal_msgs/seal_msgs_s__rosidl_typesupport_fastrtps_c.cpython-310-x86_64-linux-gnu.so" to ""
-- Installing: /home/jd/Documents/projet_integration/lib/seal-ros-bridge/install/seal_msgs/local/lib/python3.10/dist-packages/seal_msgs/seal_msgs_s__rosidl_typesupport_introspection_c.cpython-310-x86_64-linux-gnu.so
-- Set runtime path of "/home/jd/Documents/projet_integration/lib/seal-ros-bridge/install/seal_msgs/local/lib/python3.10/dist-packages/seal_msgs/seal_msgs_s__rosidl_typesupport_introspection_c.cpython-310-x86_64-linux-gnu.so" to ""
-- Installing: /home/jd/Documents/projet_integration/lib/seal-ros-bridge/install/seal_msgs/local/lib/python3.10/dist-packages/seal_msgs/seal_msgs_s__rosidl_typesupport_c.cpython-310-x86_64-linux-gnu.so
-- Set runtime path of "/home/jd/Documents/projet_integration/lib/seal-ros-bridge/install/seal_msgs/local/lib/python3.10/dist-packages/seal_msgs/seal_msgs_s__rosidl_typesupport_c.cpython-310-x86_64-linux-gnu.so" to ""
-- Installing: /home/jd/Documents/projet_integration/lib/seal-ros-bridge/install/seal_msgs/lib/libseal_msgs__rosidl_generator_py.so
-- Set runtime path of "/home/jd/Documents/projet_integration/lib/seal-ros-bridge/install/seal_msgs/lib/libseal_msgs__rosidl_generator_py.so" to ""
-- Installing: /home/jd/Documents/projet_integration/lib/seal-ros-bridge/install/seal_msgs/share/seal_msgs/msg/SealData.idl
-- Installing: /home/jd/Documents/projet_integration/lib/seal-ros-bridge/install/seal_msgs/share/seal_msgs/srv/KeyExchange.idl
-- Installing: /home/jd/Documents/projet_integration/lib/seal-ros-bridge/install/seal_msgs/share/seal_msgs/msg/SealData.msg
-- Installing: /home/jd/Documents/projet_integration/lib/seal-ros-bridge/install/seal_msgs/share/seal_msgs/srv/KeyExchange.srv
-- Installing: /home/jd/Documents/projet_integration/lib/seal-ros-bridge/install/seal_msgs/share/seal_msgs/srv/KeyExchange_Request.msg
-- Installing: /home/jd/Documents/projet_integration/lib/seal-ros-bridge/install/seal_msgs/share/seal_msgs/srv/KeyExchange_Response.msg
-- Installing: /home/jd/Documents/projet_integration/lib/seal-ros-bridge/install/seal_msgs/share/ament_index/resource_index/package_run_dependencies/seal_msgs
-- Installing: /home/jd/Documents/projet_integration/lib/seal-ros-bridge/install/seal_msgs/share/ament_index/resource_index/parent_prefix_path/seal_msgs
-- Installing: /home/jd/Documents/projet_integration/lib/seal-ros-bridge/install/seal_msgs/share/seal_msgs/environment/ament_prefix_path.sh
-- Installing: /home/jd/Documents/projet_integration/lib/seal-ros-bridge/install/seal_msgs/share/seal_msgs/environment/ament_prefix_path.dsv
-- Installing: /home/jd/Documents/projet_integration/lib/seal-ros-bridge/install/seal_msgs/share/seal_msgs/environment/path.sh
-- Installing: /home/jd/Documents/projet_integration/lib/seal-ros-bridge/install/seal_msgs/share/seal_msgs/environment/path.dsv
-- Installing: /home/jd/Documents/projet_integration/lib/seal-ros-bridge/install/seal_msgs/share/seal_msgs/local_setup.bash
-- Installing: /home/jd/Documents/projet_integration/lib/seal-ros-bridge/install/seal_msgs/share/seal_msgs/local_setup.sh
-- Installing: /home/jd/Documents/projet_integration/lib/seal-ros-bridge/install/seal_msgs/share/seal_msgs/local_setup.zsh
-- Installing: /home/jd/Documents/projet_integration/lib/seal-ros-bridge/install/seal_msgs/share/seal_msgs/local_setup.dsv
-- Installing: /home/jd/Documents/projet_integration/lib/seal-ros-bridge/install/seal_msgs/share/seal_msgs/package.dsv
-- Installing: /home/jd/Documents/projet_integration/lib/seal-ros-bridge/install/seal_msgs/share/ament_index/resource_index/packages/seal_msgs
-- Installing: /home/jd/Documents/projet_integration/lib/seal-ros-bridge/install/seal_msgs/share/seal_msgs/cmake/export_seal_msgs__rosidl_generator_cExport.cmake
-- Installing: /home/jd/Documents/projet_integration/lib/seal-ros-bridge/install/seal_msgs/share/seal_msgs/cmake/export_seal_msgs__rosidl_generator_cExport-noconfig.cmake
-- Installing: /home/jd/Documents/projet_integration/lib/seal-ros-bridge/install/seal_msgs/share/seal_msgs/cmake/export_seal_msgs__rosidl_typesupport_fastrtps_cExport.cmake
-- Installing: /home/jd/Documents/projet_integration/lib/seal-ros-bridge/install/seal_msgs/share/seal_msgs/cmake/export_seal_msgs__rosidl_typesupport_fastrtps_cExport-noconfig.cmake
-- Installing: /home/jd/Documents/projet_integration/lib/seal-ros-bridge/install/seal_msgs/share/seal_msgs/cmake/seal_msgs__rosidl_typesupport_introspection_cExport.cmake
-- Installing: /home/jd/Documents/projet_integration/lib/seal-ros-bridge/install/seal_msgs/share/seal_msgs/cmake/seal_msgs__rosidl_typesupport_introspection_cExport-noconfig.cmake
-- Installing: /home/jd/Documents/projet_integration/lib/seal-ros-bridge/install/seal_msgs/share/seal_msgs/cmake/seal_msgs__rosidl_typesupport_cExport.cmake
-- Installing: /home/jd/Documents/projet_integration/lib/seal-ros-bridge/install/seal_msgs/share/seal_msgs/cmake/seal_msgs__rosidl_typesupport_cExport-noconfig.cmake
-- Installing: /home/jd/Documents/projet_integration/lib/seal-ros-bridge/install/seal_msgs/share/seal_msgs/cmake/export_seal_msgs__rosidl_generator_cppExport.cmake
-- Installing: /home/jd/Documents/projet_integration/lib/seal-ros-bridge/install/seal_msgs/share/seal_msgs/cmake/export_seal_msgs__rosidl_typesupport_fastrtps_cppExport.cmake
-- Installing: /home/jd/Documents/projet_integration/lib/seal-ros-bridge/install/seal_msgs/share/seal_msgs/cmake/export_seal_msgs__rosidl_typesupport_fastrtps_cppExport-noconfig.cmake
-- Installing: /home/jd/Documents/projet_integration/lib/seal-ros-bridge/install/seal_msgs/share/seal_msgs/cmake/seal_msgs__rosidl_typesupport_introspection_cppExport.cmake
-- Installing: /home/jd/Documents/projet_integration/lib/seal-ros-bridge/install/seal_msgs/share/seal_msgs/cmake/seal_msgs__rosidl_typesupport_introspection_cppExport-noconfig.cmake
-- Installing: /home/jd/Documents/projet_integration/lib/seal-ros-bridge/install/seal_msgs/share/seal_msgs/cmake/seal_msgs__rosidl_typesupport_cppExport.cmake
-- Installing: /home/jd/Documents/projet_integration/lib/seal-ros-bridge/install/seal_msgs/share/seal_msgs/cmake/seal_msgs__rosidl_typesupport_cppExport-noconfig.cmake
-- Installing: /home/jd/Documents/projet_integration/lib/seal-ros-bridge/install/seal_msgs/share/seal_msgs/cmake/export_seal_msgs__rosidl_generator_pyExport.cmake
-- Installing: /home/jd/Documents/projet_integration/lib/seal-ros-bridge/install/seal_msgs/share/seal_msgs/cmake/export_seal_msgs__rosidl_generator_pyExport-noconfig.cmake
-- Installing: /home/jd/Documents/projet_integration/lib/seal-ros-bridge/install/seal_msgs/share/seal_msgs/cmake/rosidl_cmake-extras.cmake
-- Installing: /home/jd/Documents/projet_integration/lib/seal-ros-bridge/install/seal_msgs/share/seal_msgs/cmake/ament_cmake_export_include_directories-extras.cmake
-- Installing: /home/jd/Documents/projet_integration/lib/seal-ros-bridge/install/seal_msgs/share/seal_msgs/cmake/ament_cmake_export_libraries-extras.cmake
-- Installing: /home/jd/Documents/projet_integration/lib/seal-ros-bridge/install/seal_msgs/share/seal_msgs/cmake/ament_cmake_export_targets-extras.cmake
-- Installing: /home/jd/Documents/projet_integration/lib/seal-ros-bridge/install/seal_msgs/share/seal_msgs/cmake/rosidl_cmake_export_typesupport_targets-extras.cmake
-- Installing: /home/jd/Documents/projet_integration/lib/seal-ros-bridge/install/seal_msgs/share/seal_msgs/cmake/ament_cmake_export_dependencies-extras.cmake
-- Installing: /home/jd/Documents/projet_integration/lib/seal-ros-bridge/install/seal_msgs/share/seal_msgs/cmake/rosidl_cmake_export_typesupport_libraries-extras.cmake
-- Installing: /home/jd/Documents/projet_integration/lib/seal-ros-bridge/install/seal_msgs/share/seal_msgs/cmake/seal_msgsConfig.cmake
-- Installing: /home/jd/Documents/projet_integration/lib/seal-ros-bridge/install/seal_msgs/share/seal_msgs/cmake/seal_msgsConfig-version.cmake
-- Installing: /home/jd/Documents/projet_integration/lib/seal-ros-bridge/install/seal_msgs/share/seal_msgs/package.xml
