[0.025s] Invoking command in '/home/jd/Documents/projet_integration/lib/seal-ros-bridge/build/seal_msgs': CMAKE_PREFIX_PATH=/opt/ros/humble /usr/bin/cmake /home/jd/Documents/projet_integration/lib/seal-ros-bridge/seal_msgs -DCMAKE_INSTALL_PREFIX=/home/jd/Documents/projet_integration/lib/seal-ros-bridge/install/seal_msgs
[0.034s] -- Found ament_cmake: 1.3.6 (/opt/ros/humble/share/ament_cmake/cmake)
[0.147s] -- Found Python3: /usr/bin/python3.10 (found version "3.10.12") found components: Interpreter 
[0.201s] -- Found rosidl_default_generators: 1.2.0 (/opt/ros/humble/share/rosidl_default_generators/cmake)
[0.203s] -- Using all available rosidl_typesupport_c: rosidl_typesupport_fastrtps_c;rosidl_typesupport_introspection_c
[0.208s] -- Found rosidl_adapter: 3.1.5 (/opt/ros/humble/share/rosidl_adapter/cmake)
[0.234s] -- Using all available rosidl_typesupport_cpp: rosidl_typesupport_fastrtps_cpp;rosidl_typesupport_introspection_cpp
[0.261s] -- Found std_msgs: 4.2.3 (/opt/ros/humble/share/std_msgs/cmake)
[0.436s] -- Found ament_cmake_ros: 0.10.0 (/opt/ros/humble/share/ament_cmake_ros/cmake)
[0.543s] -- Using all available rosidl_typesupport_c: rosidl_typesupport_fastrtps_c;rosidl_typesupport_introspection_c
[0.688s] -- Using all available rosidl_typesupport_cpp: rosidl_typesupport_fastrtps_cpp;rosidl_typesupport_introspection_cpp
[0.702s] -- Found PythonInterp: /usr/bin/python3 (found suitable version "3.10.12", minimum required is "3.6") 
[0.703s] -- Found python_cmake_module: 0.10.0 (/opt/ros/humble/share/python_cmake_module/cmake)
[0.719s] -- Found PythonLibs: /usr/lib/x86_64-linux-gnu/libpython3.10.so (found suitable version "3.10.12", minimum required is "3.5") 
[0.719s] -- Using PYTHON_EXECUTABLE: /usr/bin/python3
[0.719s] -- Using PYTHON_INCLUDE_DIRS: /usr/include/python3.10
[0.719s] -- Using PYTHON_LIBRARIES: /usr/lib/x86_64-linux-gnu/libpython3.10.so
[0.733s] -- Found PythonExtra: .so  
[0.754s] -- Found ament_lint_auto: 0.12.9 (/opt/ros/humble/share/ament_lint_auto/cmake)
[0.762s] -- Configuring done
[0.791s] -- Generating done
[0.794s] -- Build files have been written to: /home/jd/Documents/projet_integration/lib/seal-ros-bridge/build/seal_msgs
[0.800s] Invoked command in '/home/jd/Documents/projet_integration/lib/seal-ros-bridge/build/seal_msgs' returned '0': CMAKE_PREFIX_PATH=/opt/ros/humble /usr/bin/cmake /home/jd/Documents/projet_integration/lib/seal-ros-bridge/seal_msgs -DCMAKE_INSTALL_PREFIX=/home/jd/Documents/projet_integration/lib/seal-ros-bridge/install/seal_msgs
[0.801s] Invoking command in '/home/jd/Documents/projet_integration/lib/seal-ros-bridge/build/seal_msgs': CMAKE_PREFIX_PATH=/opt/ros/humble /usr/bin/cmake --build /home/jd/Documents/projet_integration/lib/seal-ros-bridge/build/seal_msgs -- -j32 -l32
[0.846s] [  2%] [34m[1mGenerating C code for ROS interfaces[0m
[0.854s] [  5%] [34m[1mGenerating C++ code for ROS interfaces[0m
[0.859s] [  5%] Built target ament_cmake_python_copy_seal_msgs
[0.993s] running egg_info
[0.993s] creating seal_msgs.egg-info
[0.993s] writing seal_msgs.egg-info/PKG-INFO
[0.994s] writing dependency_links to seal_msgs.egg-info/dependency_links.txt
[0.994s] writing top-level names to seal_msgs.egg-info/top_level.txt
[0.994s] writing manifest file 'seal_msgs.egg-info/SOURCES.txt'
[0.995s] reading manifest file 'seal_msgs.egg-info/SOURCES.txt'
[0.996s] writing manifest file 'seal_msgs.egg-info/SOURCES.txt'
[1.013s] [  5%] Built target ament_cmake_python_build_seal_msgs_egg
[1.033s] [  5%] Built target seal_msgs__cpp
[1.038s] [ 12%] [34m[1mGenerating C++ type support for eProsima Fast-RTPS[0m
[1.038s] [ 12%] [32mBuilding C object CMakeFiles/seal_msgs__rosidl_generator_c.dir/rosidl_generator_c/seal_msgs/msg/detail/seal_data__functions.c.o[0m
[1.038s] [ 15%] [34m[1mGenerating C++ introspection for ROS interfaces[0m
[1.038s] [ 17%] [32mBuilding C object CMakeFiles/seal_msgs__rosidl_generator_c.dir/rosidl_generator_c/seal_msgs/srv/detail/key_exchange__functions.c.o[0m
[1.038s] [ 17%] [34m[1mGenerating C++ type support dispatch for ROS interfaces[0m
[1.073s] [ 20%] [32m[1mLinking C shared library libseal_msgs__rosidl_generator_c.so[0m
[1.095s] [ 20%] Built target seal_msgs__rosidl_generator_c
[1.102s] [ 28%] [34m[1mGenerating C introspection for ROS interfaces[0m
[1.102s] [ 28%] [34m[1mGenerating C type support dispatch for ROS interfaces[0m
[1.102s] [ 28%] [34m[1mGenerating C type support for eProsima Fast-RTPS[0m
[1.198s] [ 30%] [32mBuilding CXX object CMakeFiles/seal_msgs__rosidl_typesupport_cpp.dir/rosidl_typesupport_cpp/seal_msgs/srv/key_exchange__type_support.cpp.o[0m
[1.199s] [ 33%] [32mBuilding CXX object CMakeFiles/seal_msgs__rosidl_typesupport_cpp.dir/rosidl_typesupport_cpp/seal_msgs/msg/seal_data__type_support.cpp.o[0m
[1.217s] [ 38%] [32mBuilding CXX object CMakeFiles/seal_msgs__rosidl_typesupport_introspection_cpp.dir/rosidl_typesupport_introspection_cpp/seal_msgs/srv/detail/key_exchange__type_support.cpp.o[0m
[1.217s] [ 38%] [32mBuilding CXX object CMakeFiles/seal_msgs__rosidl_typesupport_introspection_cpp.dir/rosidl_typesupport_introspection_cpp/seal_msgs/msg/detail/seal_data__type_support.cpp.o[0m
[1.234s] [ 41%] [32mBuilding CXX object CMakeFiles/seal_msgs__rosidl_typesupport_fastrtps_cpp.dir/rosidl_typesupport_fastrtps_cpp/seal_msgs/msg/detail/dds_fastrtps/seal_data__type_support.cpp.o[0m
[1.236s] [ 43%] [32mBuilding CXX object CMakeFiles/seal_msgs__rosidl_typesupport_fastrtps_cpp.dir/rosidl_typesupport_fastrtps_cpp/seal_msgs/srv/detail/dds_fastrtps/key_exchange__type_support.cpp.o[0m
[1.278s] [ 48%] [32mBuilding CXX object CMakeFiles/seal_msgs__rosidl_typesupport_c.dir/rosidl_typesupport_c/seal_msgs/msg/seal_data__type_support.cpp.o[0m
[1.278s] [ 48%] [32mBuilding CXX object CMakeFiles/seal_msgs__rosidl_typesupport_c.dir/rosidl_typesupport_c/seal_msgs/srv/key_exchange__type_support.cpp.o[0m
[1.305s] [ 56%] [32m[1mLinking CXX shared library libseal_msgs__rosidl_typesupport_c.so[0m
[1.305s] [ 56%] [32mBuilding C object CMakeFiles/seal_msgs__rosidl_typesupport_introspection_c.dir/rosidl_typesupport_introspection_c/seal_msgs/msg/detail/seal_data__type_support.c.o[0m
[1.305s] [ 56%] [32mBuilding C object CMakeFiles/seal_msgs__rosidl_typesupport_introspection_c.dir/rosidl_typesupport_introspection_c/seal_msgs/srv/detail/key_exchange__type_support.c.o[0m
[1.332s] [ 58%] [32m[1mLinking C shared library libseal_msgs__rosidl_typesupport_introspection_c.so[0m
[1.334s] [ 58%] Built target seal_msgs__rosidl_typesupport_c
[1.352s] [ 58%] Built target seal_msgs__rosidl_typesupport_introspection_c
[1.355s] [ 61%] [32mBuilding CXX object CMakeFiles/seal_msgs__rosidl_typesupport_fastrtps_c.dir/rosidl_typesupport_fastrtps_c/seal_msgs/srv/detail/key_exchange__type_support_c.cpp.o[0m
[1.356s] [ 64%] [32mBuilding CXX object CMakeFiles/seal_msgs__rosidl_typesupport_fastrtps_c.dir/rosidl_typesupport_fastrtps_c/seal_msgs/msg/detail/seal_data__type_support_c.cpp.o[0m
[1.390s] [ 66%] [32m[1mLinking CXX shared library libseal_msgs__rosidl_typesupport_cpp.so[0m
[1.420s] [ 66%] Built target seal_msgs__rosidl_typesupport_cpp
[1.468s] [ 69%] [32m[1mLinking CXX shared library libseal_msgs__rosidl_typesupport_introspection_cpp.so[0m
[1.519s] [ 69%] Built target seal_msgs__rosidl_typesupport_introspection_cpp
[1.535s] [ 71%] [32m[1mLinking CXX shared library libseal_msgs__rosidl_typesupport_fastrtps_cpp.so[0m
[1.567s] [ 74%] [32m[1mLinking CXX shared library libseal_msgs__rosidl_typesupport_fastrtps_c.so[0m
[1.579s] [ 74%] Built target seal_msgs__rosidl_typesupport_fastrtps_cpp
[1.609s] [ 74%] Built target seal_msgs__rosidl_typesupport_fastrtps_c
[1.621s] [ 74%] Built target seal_msgs
[1.638s] [ 76%] [34m[1mGenerating Python code for ROS interfaces[0m
[1.865s] [ 76%] Built target seal_msgs__py
[1.875s] [ 79%] [32mBuilding C object CMakeFiles/seal_msgs__rosidl_generator_py.dir/rosidl_generator_py/seal_msgs/msg/_seal_data_s.c.o[0m
[1.876s] [ 82%] [32mBuilding C object CMakeFiles/seal_msgs__rosidl_generator_py.dir/rosidl_generator_py/seal_msgs/srv/_key_exchange_s.c.o[0m
[1.950s] [ 84%] [32m[1mLinking C shared library rosidl_generator_py/seal_msgs/libseal_msgs__rosidl_generator_py.so[0m
[1.974s] [ 84%] Built target seal_msgs__rosidl_generator_py
[1.987s] [ 92%] [32mBuilding C object CMakeFiles/seal_msgs__rosidl_typesupport_fastrtps_c__pyext.dir/rosidl_generator_py/seal_msgs/_seal_msgs_s.ep.rosidl_typesupport_fastrtps_c.c.o[0m
[1.987s] [ 92%] [32mBuilding C object CMakeFiles/seal_msgs__rosidl_typesupport_introspection_c__pyext.dir/rosidl_generator_py/seal_msgs/_seal_msgs_s.ep.rosidl_typesupport_introspection_c.c.o[0m
[1.987s] [ 92%] [32mBuilding C object CMakeFiles/seal_msgs__rosidl_typesupport_c__pyext.dir/rosidl_generator_py/seal_msgs/_seal_msgs_s.ep.rosidl_typesupport_c.c.o[0m
[2.042s] [ 97%] [32m[1mLinking C shared library rosidl_generator_py/seal_msgs/seal_msgs_s__rosidl_typesupport_introspection_c.cpython-310-x86_64-linux-gnu.so[0m
[2.042s] [ 97%] [32m[1mLinking C shared library rosidl_generator_py/seal_msgs/seal_msgs_s__rosidl_typesupport_c.cpython-310-x86_64-linux-gnu.so[0m
[2.042s] [100%] [32m[1mLinking C shared library rosidl_generator_py/seal_msgs/seal_msgs_s__rosidl_typesupport_fastrtps_c.cpython-310-x86_64-linux-gnu.so[0m
[2.061s] [100%] Built target seal_msgs__rosidl_typesupport_introspection_c__pyext
[2.061s] [100%] Built target seal_msgs__rosidl_typesupport_c__pyext
[2.061s] [100%] Built target seal_msgs__rosidl_typesupport_fastrtps_c__pyext
[2.068s] Invoked command in '/home/jd/Documents/projet_integration/lib/seal-ros-bridge/build/seal_msgs' returned '0': CMAKE_PREFIX_PATH=/opt/ros/humble /usr/bin/cmake --build /home/jd/Documents/projet_integration/lib/seal-ros-bridge/build/seal_msgs -- -j32 -l32
[2.139s] Invoking command in '/home/jd/Documents/projet_integration/lib/seal-ros-bridge/build/seal_msgs': CMAKE_PREFIX_PATH=/opt/ros/humble /usr/bin/cmake --install /home/jd/Documents/projet_integration/lib/seal-ros-bridge/build/seal_msgs
[2.148s] -- Install configuration: ""
[2.149s] -- Installing: /home/jd/Documents/projet_integration/lib/seal-ros-bridge/install/seal_msgs/share/ament_index/resource_index/rosidl_interfaces/seal_msgs
[2.149s] -- Installing: /home/jd/Documents/projet_integration/lib/seal-ros-bridge/install/seal_msgs/include/seal_msgs/seal_msgs
[2.149s] -- Installing: /home/jd/Documents/projet_integration/lib/seal-ros-bridge/install/seal_msgs/include/seal_msgs/seal_msgs/msg
[2.149s] -- Installing: /home/jd/Documents/projet_integration/lib/seal-ros-bridge/install/seal_msgs/include/seal_msgs/seal_msgs/msg/detail
[2.149s] -- Installing: /home/jd/Documents/projet_integration/lib/seal-ros-bridge/install/seal_msgs/include/seal_msgs/seal_msgs/msg/detail/seal_data__struct.h
[2.149s] -- Installing: /home/jd/Documents/projet_integration/lib/seal-ros-bridge/install/seal_msgs/include/seal_msgs/seal_msgs/msg/detail/seal_data__functions.c
[2.150s] -- Installing: /home/jd/Documents/projet_integration/lib/seal-ros-bridge/install/seal_msgs/include/seal_msgs/seal_msgs/msg/detail/seal_data__type_support.h
[2.150s] -- Installing: /home/jd/Documents/projet_integration/lib/seal-ros-bridge/install/seal_msgs/include/seal_msgs/seal_msgs/msg/detail/seal_data__functions.h
[2.150s] -- Installing: /home/jd/Documents/projet_integration/lib/seal-ros-bridge/install/seal_msgs/include/seal_msgs/seal_msgs/msg/rosidl_generator_c__visibility_control.h
[2.150s] -- Installing: /home/jd/Documents/projet_integration/lib/seal-ros-bridge/install/seal_msgs/include/seal_msgs/seal_msgs/msg/seal_data.h
[2.150s] -- Installing: /home/jd/Documents/projet_integration/lib/seal-ros-bridge/install/seal_msgs/include/seal_msgs/seal_msgs/srv
[2.150s] -- Installing: /home/jd/Documents/projet_integration/lib/seal-ros-bridge/install/seal_msgs/include/seal_msgs/seal_msgs/srv/detail
[2.150s] -- Installing: /home/jd/Documents/projet_integration/lib/seal-ros-bridge/install/seal_msgs/include/seal_msgs/seal_msgs/srv/detail/key_exchange__type_support.h
[2.150s] -- Installing: /home/jd/Documents/projet_integration/lib/seal-ros-bridge/install/seal_msgs/include/seal_msgs/seal_msgs/srv/detail/key_exchange__struct.h
[2.150s] -- Installing: /home/jd/Documents/projet_integration/lib/seal-ros-bridge/install/seal_msgs/include/seal_msgs/seal_msgs/srv/detail/key_exchange__functions.h
[2.150s] -- Installing: /home/jd/Documents/projet_integration/lib/seal-ros-bridge/install/seal_msgs/include/seal_msgs/seal_msgs/srv/detail/key_exchange__functions.c
[2.151s] -- Installing: /home/jd/Documents/projet_integration/lib/seal-ros-bridge/install/seal_msgs/include/seal_msgs/seal_msgs/srv/key_exchange.h
[2.151s] -- Installing: /home/jd/Documents/projet_integration/lib/seal-ros-bridge/install/seal_msgs/share/seal_msgs/environment/library_path.sh
[2.151s] -- Installing: /home/jd/Documents/projet_integration/lib/seal-ros-bridge/install/seal_msgs/share/seal_msgs/environment/library_path.dsv
[2.151s] -- Installing: /home/jd/Documents/projet_integration/lib/seal-ros-bridge/install/seal_msgs/lib/libseal_msgs__rosidl_generator_c.so
[2.151s] -- Set runtime path of "/home/jd/Documents/projet_integration/lib/seal-ros-bridge/install/seal_msgs/lib/libseal_msgs__rosidl_generator_c.so" to ""
[2.151s] -- Up-to-date: /home/jd/Documents/projet_integration/lib/seal-ros-bridge/install/seal_msgs/include/seal_msgs/seal_msgs
[2.151s] -- Up-to-date: /home/jd/Documents/projet_integration/lib/seal-ros-bridge/install/seal_msgs/include/seal_msgs/seal_msgs/msg
[2.151s] -- Up-to-date: /home/jd/Documents/projet_integration/lib/seal-ros-bridge/install/seal_msgs/include/seal_msgs/seal_msgs/msg/detail
[2.151s] -- Installing: /home/jd/Documents/projet_integration/lib/seal-ros-bridge/install/seal_msgs/include/seal_msgs/seal_msgs/msg/detail/seal_data__rosidl_typesupport_fastrtps_c.h
[2.151s] -- Installing: /home/jd/Documents/projet_integration/lib/seal-ros-bridge/install/seal_msgs/include/seal_msgs/seal_msgs/msg/rosidl_typesupport_fastrtps_c__visibility_control.h
[2.152s] -- Up-to-date: /home/jd/Documents/projet_integration/lib/seal-ros-bridge/install/seal_msgs/include/seal_msgs/seal_msgs/srv
[2.152s] -- Up-to-date: /home/jd/Documents/projet_integration/lib/seal-ros-bridge/install/seal_msgs/include/seal_msgs/seal_msgs/srv/detail
[2.152s] -- Installing: /home/jd/Documents/projet_integration/lib/seal-ros-bridge/install/seal_msgs/include/seal_msgs/seal_msgs/srv/detail/key_exchange__rosidl_typesupport_fastrtps_c.h
[2.152s] -- Installing: /home/jd/Documents/projet_integration/lib/seal-ros-bridge/install/seal_msgs/lib/libseal_msgs__rosidl_typesupport_fastrtps_c.so
[2.152s] -- Set runtime path of "/home/jd/Documents/projet_integration/lib/seal-ros-bridge/install/seal_msgs/lib/libseal_msgs__rosidl_typesupport_fastrtps_c.so" to ""
[2.152s] -- Up-to-date: /home/jd/Documents/projet_integration/lib/seal-ros-bridge/install/seal_msgs/include/seal_msgs/seal_msgs
[2.152s] -- Up-to-date: /home/jd/Documents/projet_integration/lib/seal-ros-bridge/install/seal_msgs/include/seal_msgs/seal_msgs/msg
[2.152s] -- Up-to-date: /home/jd/Documents/projet_integration/lib/seal-ros-bridge/install/seal_msgs/include/seal_msgs/seal_msgs/msg/detail
[2.152s] -- Installing: /home/jd/Documents/projet_integration/lib/seal-ros-bridge/install/seal_msgs/include/seal_msgs/seal_msgs/msg/detail/seal_data__rosidl_typesupport_introspection_c.h
[2.152s] -- Installing: /home/jd/Documents/projet_integration/lib/seal-ros-bridge/install/seal_msgs/include/seal_msgs/seal_msgs/msg/detail/seal_data__type_support.c
[2.152s] -- Installing: /home/jd/Documents/projet_integration/lib/seal-ros-bridge/install/seal_msgs/include/seal_msgs/seal_msgs/msg/rosidl_typesupport_introspection_c__visibility_control.h
[2.152s] -- Up-to-date: /home/jd/Documents/projet_integration/lib/seal-ros-bridge/install/seal_msgs/include/seal_msgs/seal_msgs/srv
[2.153s] -- Up-to-date: /home/jd/Documents/projet_integration/lib/seal-ros-bridge/install/seal_msgs/include/seal_msgs/seal_msgs/srv/detail
[2.153s] -- Installing: /home/jd/Documents/projet_integration/lib/seal-ros-bridge/install/seal_msgs/include/seal_msgs/seal_msgs/srv/detail/key_exchange__rosidl_typesupport_introspection_c.h
[2.153s] -- Installing: /home/jd/Documents/projet_integration/lib/seal-ros-bridge/install/seal_msgs/include/seal_msgs/seal_msgs/srv/detail/key_exchange__type_support.c
[2.153s] -- Installing: /home/jd/Documents/projet_integration/lib/seal-ros-bridge/install/seal_msgs/lib/libseal_msgs__rosidl_typesupport_introspection_c.so
[2.153s] -- Set runtime path of "/home/jd/Documents/projet_integration/lib/seal-ros-bridge/install/seal_msgs/lib/libseal_msgs__rosidl_typesupport_introspection_c.so" to ""
[2.153s] -- Installing: /home/jd/Documents/projet_integration/lib/seal-ros-bridge/install/seal_msgs/lib/libseal_msgs__rosidl_typesupport_c.so
[2.153s] -- Set runtime path of "/home/jd/Documents/projet_integration/lib/seal-ros-bridge/install/seal_msgs/lib/libseal_msgs__rosidl_typesupport_c.so" to ""
[2.153s] -- Up-to-date: /home/jd/Documents/projet_integration/lib/seal-ros-bridge/install/seal_msgs/include/seal_msgs/seal_msgs
[2.153s] -- Up-to-date: /home/jd/Documents/projet_integration/lib/seal-ros-bridge/install/seal_msgs/include/seal_msgs/seal_msgs/msg
[2.153s] -- Up-to-date: /home/jd/Documents/projet_integration/lib/seal-ros-bridge/install/seal_msgs/include/seal_msgs/seal_msgs/msg/detail
[2.153s] -- Installing: /home/jd/Documents/projet_integration/lib/seal-ros-bridge/install/seal_msgs/include/seal_msgs/seal_msgs/msg/detail/seal_data__struct.hpp
[2.153s] -- Installing: /home/jd/Documents/projet_integration/lib/seal-ros-bridge/install/seal_msgs/include/seal_msgs/seal_msgs/msg/detail/seal_data__traits.hpp
[2.154s] -- Installing: /home/jd/Documents/projet_integration/lib/seal-ros-bridge/install/seal_msgs/include/seal_msgs/seal_msgs/msg/detail/seal_data__builder.hpp
[2.154s] -- Installing: /home/jd/Documents/projet_integration/lib/seal-ros-bridge/install/seal_msgs/include/seal_msgs/seal_msgs/msg/seal_data.hpp
[2.154s] -- Up-to-date: /home/jd/Documents/projet_integration/lib/seal-ros-bridge/install/seal_msgs/include/seal_msgs/seal_msgs/srv
[2.154s] -- Up-to-date: /home/jd/Documents/projet_integration/lib/seal-ros-bridge/install/seal_msgs/include/seal_msgs/seal_msgs/srv/detail
[2.154s] -- Installing: /home/jd/Documents/projet_integration/lib/seal-ros-bridge/install/seal_msgs/include/seal_msgs/seal_msgs/srv/detail/key_exchange__traits.hpp
[2.154s] -- Installing: /home/jd/Documents/projet_integration/lib/seal-ros-bridge/install/seal_msgs/include/seal_msgs/seal_msgs/srv/detail/key_exchange__struct.hpp
[2.154s] -- Installing: /home/jd/Documents/projet_integration/lib/seal-ros-bridge/install/seal_msgs/include/seal_msgs/seal_msgs/srv/detail/key_exchange__builder.hpp
[2.154s] -- Installing: /home/jd/Documents/projet_integration/lib/seal-ros-bridge/install/seal_msgs/include/seal_msgs/seal_msgs/srv/key_exchange.hpp
[2.154s] -- Up-to-date: /home/jd/Documents/projet_integration/lib/seal-ros-bridge/install/seal_msgs/include/seal_msgs/seal_msgs
[2.154s] -- Up-to-date: /home/jd/Documents/projet_integration/lib/seal-ros-bridge/install/seal_msgs/include/seal_msgs/seal_msgs/msg
[2.154s] -- Installing: /home/jd/Documents/projet_integration/lib/seal-ros-bridge/install/seal_msgs/include/seal_msgs/seal_msgs/msg/rosidl_typesupport_fastrtps_cpp__visibility_control.h
[2.154s] -- Up-to-date: /home/jd/Documents/projet_integration/lib/seal-ros-bridge/install/seal_msgs/include/seal_msgs/seal_msgs/msg/detail
[2.154s] -- Installing: /home/jd/Documents/projet_integration/lib/seal-ros-bridge/install/seal_msgs/include/seal_msgs/seal_msgs/msg/detail/seal_data__rosidl_typesupport_fastrtps_cpp.hpp
[2.154s] -- Installing: /home/jd/Documents/projet_integration/lib/seal-ros-bridge/install/seal_msgs/include/seal_msgs/seal_msgs/msg/detail/dds_fastrtps
[2.154s] -- Up-to-date: /home/jd/Documents/projet_integration/lib/seal-ros-bridge/install/seal_msgs/include/seal_msgs/seal_msgs/srv
[2.154s] -- Up-to-date: /home/jd/Documents/projet_integration/lib/seal-ros-bridge/install/seal_msgs/include/seal_msgs/seal_msgs/srv/detail
[2.155s] -- Installing: /home/jd/Documents/projet_integration/lib/seal-ros-bridge/install/seal_msgs/include/seal_msgs/seal_msgs/srv/detail/dds_fastrtps
[2.155s] -- Installing: /home/jd/Documents/projet_integration/lib/seal-ros-bridge/install/seal_msgs/include/seal_msgs/seal_msgs/srv/detail/key_exchange__rosidl_typesupport_fastrtps_cpp.hpp
[2.155s] -- Installing: /home/jd/Documents/projet_integration/lib/seal-ros-bridge/install/seal_msgs/lib/libseal_msgs__rosidl_typesupport_fastrtps_cpp.so
[2.155s] -- Set runtime path of "/home/jd/Documents/projet_integration/lib/seal-ros-bridge/install/seal_msgs/lib/libseal_msgs__rosidl_typesupport_fastrtps_cpp.so" to ""
[2.155s] -- Up-to-date: /home/jd/Documents/projet_integration/lib/seal-ros-bridge/install/seal_msgs/include/seal_msgs/seal_msgs
[2.155s] -- Up-to-date: /home/jd/Documents/projet_integration/lib/seal-ros-bridge/install/seal_msgs/include/seal_msgs/seal_msgs/msg
[2.155s] -- Up-to-date: /home/jd/Documents/projet_integration/lib/seal-ros-bridge/install/seal_msgs/include/seal_msgs/seal_msgs/msg/detail
[2.155s] -- Installing: /home/jd/Documents/projet_integration/lib/seal-ros-bridge/install/seal_msgs/include/seal_msgs/seal_msgs/msg/detail/seal_data__rosidl_typesupport_introspection_cpp.hpp
[2.155s] -- Installing: /home/jd/Documents/projet_integration/lib/seal-ros-bridge/install/seal_msgs/include/seal_msgs/seal_msgs/msg/detail/seal_data__type_support.cpp
[2.155s] -- Up-to-date: /home/jd/Documents/projet_integration/lib/seal-ros-bridge/install/seal_msgs/include/seal_msgs/seal_msgs/srv
[2.155s] -- Up-to-date: /home/jd/Documents/projet_integration/lib/seal-ros-bridge/install/seal_msgs/include/seal_msgs/seal_msgs/srv/detail
[2.155s] -- Installing: /home/jd/Documents/projet_integration/lib/seal-ros-bridge/install/seal_msgs/include/seal_msgs/seal_msgs/srv/detail/key_exchange__type_support.cpp
[2.155s] -- Installing: /home/jd/Documents/projet_integration/lib/seal-ros-bridge/install/seal_msgs/include/seal_msgs/seal_msgs/srv/detail/key_exchange__rosidl_typesupport_introspection_cpp.hpp
[2.155s] -- Installing: /home/jd/Documents/projet_integration/lib/seal-ros-bridge/install/seal_msgs/lib/libseal_msgs__rosidl_typesupport_introspection_cpp.so
[2.155s] -- Set runtime path of "/home/jd/Documents/projet_integration/lib/seal-ros-bridge/install/seal_msgs/lib/libseal_msgs__rosidl_typesupport_introspection_cpp.so" to ""
[2.155s] -- Installing: /home/jd/Documents/projet_integration/lib/seal-ros-bridge/install/seal_msgs/lib/libseal_msgs__rosidl_typesupport_cpp.so
[2.156s] -- Set runtime path of "/home/jd/Documents/projet_integration/lib/seal-ros-bridge/install/seal_msgs/lib/libseal_msgs__rosidl_typesupport_cpp.so" to ""
[2.156s] -- Installing: /home/jd/Documents/projet_integration/lib/seal-ros-bridge/install/seal_msgs/share/seal_msgs/environment/pythonpath.sh
[2.156s] -- Installing: /home/jd/Documents/projet_integration/lib/seal-ros-bridge/install/seal_msgs/share/seal_msgs/environment/pythonpath.dsv
[2.156s] -- Installing: /home/jd/Documents/projet_integration/lib/seal-ros-bridge/install/seal_msgs/local/lib/python3.10/dist-packages/seal_msgs-1.0.0-py3.10.egg-info
[2.156s] -- Installing: /home/jd/Documents/projet_integration/lib/seal-ros-bridge/install/seal_msgs/local/lib/python3.10/dist-packages/seal_msgs-1.0.0-py3.10.egg-info/PKG-INFO
[2.156s] -- Installing: /home/jd/Documents/projet_integration/lib/seal-ros-bridge/install/seal_msgs/local/lib/python3.10/dist-packages/seal_msgs-1.0.0-py3.10.egg-info/SOURCES.txt
[2.156s] -- Installing: /home/jd/Documents/projet_integration/lib/seal-ros-bridge/install/seal_msgs/local/lib/python3.10/dist-packages/seal_msgs-1.0.0-py3.10.egg-info/top_level.txt
[2.156s] -- Installing: /home/jd/Documents/projet_integration/lib/seal-ros-bridge/install/seal_msgs/local/lib/python3.10/dist-packages/seal_msgs-1.0.0-py3.10.egg-info/dependency_links.txt
[2.156s] -- Installing: /home/jd/Documents/projet_integration/lib/seal-ros-bridge/install/seal_msgs/local/lib/python3.10/dist-packages/seal_msgs
[2.156s] -- Installing: /home/jd/Documents/projet_integration/lib/seal-ros-bridge/install/seal_msgs/local/lib/python3.10/dist-packages/seal_msgs/_seal_msgs_s.ep.rosidl_typesupport_fastrtps_c.c
[2.156s] -- Installing: /home/jd/Documents/projet_integration/lib/seal-ros-bridge/install/seal_msgs/local/lib/python3.10/dist-packages/seal_msgs/seal_msgs_s__rosidl_typesupport_fastrtps_c.cpython-310-x86_64-linux-gnu.so
[2.156s] -- Installing: /home/jd/Documents/projet_integration/lib/seal-ros-bridge/install/seal_msgs/local/lib/python3.10/dist-packages/seal_msgs/_seal_msgs_s.ep.rosidl_typesupport_c.c
[2.156s] -- Installing: /home/jd/Documents/projet_integration/lib/seal-ros-bridge/install/seal_msgs/local/lib/python3.10/dist-packages/seal_msgs/libseal_msgs__rosidl_generator_py.so
[2.156s] -- Installing: /home/jd/Documents/projet_integration/lib/seal-ros-bridge/install/seal_msgs/local/lib/python3.10/dist-packages/seal_msgs/msg
[2.156s] -- Installing: /home/jd/Documents/projet_integration/lib/seal-ros-bridge/install/seal_msgs/local/lib/python3.10/dist-packages/seal_msgs/msg/_seal_data_s.c
[2.157s] -- Installing: /home/jd/Documents/projet_integration/lib/seal-ros-bridge/install/seal_msgs/local/lib/python3.10/dist-packages/seal_msgs/msg/_seal_data.py
[2.157s] -- Installing: /home/jd/Documents/projet_integration/lib/seal-ros-bridge/install/seal_msgs/local/lib/python3.10/dist-packages/seal_msgs/msg/__init__.py
[2.157s] -- Installing: /home/jd/Documents/projet_integration/lib/seal-ros-bridge/install/seal_msgs/local/lib/python3.10/dist-packages/seal_msgs/srv
[2.157s] -- Installing: /home/jd/Documents/projet_integration/lib/seal-ros-bridge/install/seal_msgs/local/lib/python3.10/dist-packages/seal_msgs/srv/_key_exchange.py
[2.157s] -- Installing: /home/jd/Documents/projet_integration/lib/seal-ros-bridge/install/seal_msgs/local/lib/python3.10/dist-packages/seal_msgs/srv/_key_exchange_s.c
[2.157s] -- Installing: /home/jd/Documents/projet_integration/lib/seal-ros-bridge/install/seal_msgs/local/lib/python3.10/dist-packages/seal_msgs/srv/__init__.py
[2.157s] -- Installing: /home/jd/Documents/projet_integration/lib/seal-ros-bridge/install/seal_msgs/local/lib/python3.10/dist-packages/seal_msgs/seal_msgs_s__rosidl_typesupport_c.cpython-310-x86_64-linux-gnu.so
[2.157s] -- Installing: /home/jd/Documents/projet_integration/lib/seal-ros-bridge/install/seal_msgs/local/lib/python3.10/dist-packages/seal_msgs/_seal_msgs_s.ep.rosidl_typesupport_introspection_c.c
[2.157s] -- Installing: /home/jd/Documents/projet_integration/lib/seal-ros-bridge/install/seal_msgs/local/lib/python3.10/dist-packages/seal_msgs/seal_msgs_s__rosidl_typesupport_introspection_c.cpython-310-x86_64-linux-gnu.so
[2.157s] -- Installing: /home/jd/Documents/projet_integration/lib/seal-ros-bridge/install/seal_msgs/local/lib/python3.10/dist-packages/seal_msgs/__init__.py
[2.208s] Listing '/home/jd/Documents/projet_integration/lib/seal-ros-bridge/install/seal_msgs/local/lib/python3.10/dist-packages/seal_msgs'...
[2.208s] Compiling '/home/jd/Documents/projet_integration/lib/seal-ros-bridge/install/seal_msgs/local/lib/python3.10/dist-packages/seal_msgs/__init__.py'...
[2.208s] Listing '/home/jd/Documents/projet_integration/lib/seal-ros-bridge/install/seal_msgs/local/lib/python3.10/dist-packages/seal_msgs/msg'...
[2.209s] Compiling '/home/jd/Documents/projet_integration/lib/seal-ros-bridge/install/seal_msgs/local/lib/python3.10/dist-packages/seal_msgs/msg/__init__.py'...
[2.209s] Compiling '/home/jd/Documents/projet_integration/lib/seal-ros-bridge/install/seal_msgs/local/lib/python3.10/dist-packages/seal_msgs/msg/_seal_data.py'...
[2.209s] Listing '/home/jd/Documents/projet_integration/lib/seal-ros-bridge/install/seal_msgs/local/lib/python3.10/dist-packages/seal_msgs/srv'...
[2.209s] Compiling '/home/jd/Documents/projet_integration/lib/seal-ros-bridge/install/seal_msgs/local/lib/python3.10/dist-packages/seal_msgs/srv/__init__.py'...
[2.209s] Compiling '/home/jd/Documents/projet_integration/lib/seal-ros-bridge/install/seal_msgs/local/lib/python3.10/dist-packages/seal_msgs/srv/_key_exchange.py'...
[2.214s] -- Installing: /home/jd/Documents/projet_integration/lib/seal-ros-bridge/install/seal_msgs/local/lib/python3.10/dist-packages/seal_msgs/seal_msgs_s__rosidl_typesupport_fastrtps_c.cpython-310-x86_64-linux-gnu.so
[2.214s] -- Set runtime path of "/home/jd/Documents/projet_integration/lib/seal-ros-bridge/install/seal_msgs/local/lib/python3.10/dist-packages/seal_msgs/seal_msgs_s__rosidl_typesupport_fastrtps_c.cpython-310-x86_64-linux-gnu.so" to ""
[2.214s] -- Installing: /home/jd/Documents/projet_integration/lib/seal-ros-bridge/install/seal_msgs/local/lib/python3.10/dist-packages/seal_msgs/seal_msgs_s__rosidl_typesupport_introspection_c.cpython-310-x86_64-linux-gnu.so
[2.214s] -- Set runtime path of "/home/jd/Documents/projet_integration/lib/seal-ros-bridge/install/seal_msgs/local/lib/python3.10/dist-packages/seal_msgs/seal_msgs_s__rosidl_typesupport_introspection_c.cpython-310-x86_64-linux-gnu.so" to ""
[2.214s] -- Installing: /home/jd/Documents/projet_integration/lib/seal-ros-bridge/install/seal_msgs/local/lib/python3.10/dist-packages/seal_msgs/seal_msgs_s__rosidl_typesupport_c.cpython-310-x86_64-linux-gnu.so
[2.214s] -- Set runtime path of "/home/jd/Documents/projet_integration/lib/seal-ros-bridge/install/seal_msgs/local/lib/python3.10/dist-packages/seal_msgs/seal_msgs_s__rosidl_typesupport_c.cpython-310-x86_64-linux-gnu.so" to ""
[2.215s] -- Installing: /home/jd/Documents/projet_integration/lib/seal-ros-bridge/install/seal_msgs/lib/libseal_msgs__rosidl_generator_py.so
[2.215s] -- Set runtime path of "/home/jd/Documents/projet_integration/lib/seal-ros-bridge/install/seal_msgs/lib/libseal_msgs__rosidl_generator_py.so" to ""
[2.215s] -- Installing: /home/jd/Documents/projet_integration/lib/seal-ros-bridge/install/seal_msgs/share/seal_msgs/msg/SealData.idl
[2.215s] -- Installing: /home/jd/Documents/projet_integration/lib/seal-ros-bridge/install/seal_msgs/share/seal_msgs/srv/KeyExchange.idl
[2.215s] -- Installing: /home/jd/Documents/projet_integration/lib/seal-ros-bridge/install/seal_msgs/share/seal_msgs/msg/SealData.msg
[2.215s] -- Installing: /home/jd/Documents/projet_integration/lib/seal-ros-bridge/install/seal_msgs/share/seal_msgs/srv/KeyExchange.srv
[2.215s] -- Installing: /home/jd/Documents/projet_integration/lib/seal-ros-bridge/install/seal_msgs/share/seal_msgs/srv/KeyExchange_Request.msg
[2.215s] -- Installing: /home/jd/Documents/projet_integration/lib/seal-ros-bridge/install/seal_msgs/share/seal_msgs/srv/KeyExchange_Response.msg
[2.215s] -- Installing: /home/jd/Documents/projet_integration/lib/seal-ros-bridge/install/seal_msgs/share/ament_index/resource_index/package_run_dependencies/seal_msgs
[2.215s] -- Installing: /home/jd/Documents/projet_integration/lib/seal-ros-bridge/install/seal_msgs/share/ament_index/resource_index/parent_prefix_path/seal_msgs
[2.215s] -- Installing: /home/jd/Documents/projet_integration/lib/seal-ros-bridge/install/seal_msgs/share/seal_msgs/environment/ament_prefix_path.sh
[2.215s] -- Installing: /home/jd/Documents/projet_integration/lib/seal-ros-bridge/install/seal_msgs/share/seal_msgs/environment/ament_prefix_path.dsv
[2.215s] -- Installing: /home/jd/Documents/projet_integration/lib/seal-ros-bridge/install/seal_msgs/share/seal_msgs/environment/path.sh
[2.215s] -- Installing: /home/jd/Documents/projet_integration/lib/seal-ros-bridge/install/seal_msgs/share/seal_msgs/environment/path.dsv
[2.215s] -- Installing: /home/jd/Documents/projet_integration/lib/seal-ros-bridge/install/seal_msgs/share/seal_msgs/local_setup.bash
[2.215s] -- Installing: /home/jd/Documents/projet_integration/lib/seal-ros-bridge/install/seal_msgs/share/seal_msgs/local_setup.sh
[2.216s] -- Installing: /home/jd/Documents/projet_integration/lib/seal-ros-bridge/install/seal_msgs/share/seal_msgs/local_setup.zsh
[2.216s] -- Installing: /home/jd/Documents/projet_integration/lib/seal-ros-bridge/install/seal_msgs/share/seal_msgs/local_setup.dsv
[2.216s] -- Installing: /home/jd/Documents/projet_integration/lib/seal-ros-bridge/install/seal_msgs/share/seal_msgs/package.dsv
[2.216s] -- Installing: /home/jd/Documents/projet_integration/lib/seal-ros-bridge/install/seal_msgs/share/ament_index/resource_index/packages/seal_msgs
[2.216s] -- Installing: /home/jd/Documents/projet_integration/lib/seal-ros-bridge/install/seal_msgs/share/seal_msgs/cmake/export_seal_msgs__rosidl_generator_cExport.cmake
[2.216s] -- Installing: /home/jd/Documents/projet_integration/lib/seal-ros-bridge/install/seal_msgs/share/seal_msgs/cmake/export_seal_msgs__rosidl_generator_cExport-noconfig.cmake
[2.216s] -- Installing: /home/jd/Documents/projet_integration/lib/seal-ros-bridge/install/seal_msgs/share/seal_msgs/cmake/export_seal_msgs__rosidl_typesupport_fastrtps_cExport.cmake
[2.216s] -- Installing: /home/jd/Documents/projet_integration/lib/seal-ros-bridge/install/seal_msgs/share/seal_msgs/cmake/export_seal_msgs__rosidl_typesupport_fastrtps_cExport-noconfig.cmake
[2.216s] -- Installing: /home/jd/Documents/projet_integration/lib/seal-ros-bridge/install/seal_msgs/share/seal_msgs/cmake/seal_msgs__rosidl_typesupport_introspection_cExport.cmake
[2.216s] -- Installing: /home/jd/Documents/projet_integration/lib/seal-ros-bridge/install/seal_msgs/share/seal_msgs/cmake/seal_msgs__rosidl_typesupport_introspection_cExport-noconfig.cmake
[2.216s] -- Installing: /home/jd/Documents/projet_integration/lib/seal-ros-bridge/install/seal_msgs/share/seal_msgs/cmake/seal_msgs__rosidl_typesupport_cExport.cmake
[2.216s] -- Installing: /home/jd/Documents/projet_integration/lib/seal-ros-bridge/install/seal_msgs/share/seal_msgs/cmake/seal_msgs__rosidl_typesupport_cExport-noconfig.cmake
[2.216s] -- Installing: /home/jd/Documents/projet_integration/lib/seal-ros-bridge/install/seal_msgs/share/seal_msgs/cmake/export_seal_msgs__rosidl_generator_cppExport.cmake
[2.217s] -- Installing: /home/jd/Documents/projet_integration/lib/seal-ros-bridge/install/seal_msgs/share/seal_msgs/cmake/export_seal_msgs__rosidl_typesupport_fastrtps_cppExport.cmake
[2.217s] -- Installing: /home/jd/Documents/projet_integration/lib/seal-ros-bridge/install/seal_msgs/share/seal_msgs/cmake/export_seal_msgs__rosidl_typesupport_fastrtps_cppExport-noconfig.cmake
[2.217s] -- Installing: /home/jd/Documents/projet_integration/lib/seal-ros-bridge/install/seal_msgs/share/seal_msgs/cmake/seal_msgs__rosidl_typesupport_introspection_cppExport.cmake
[2.217s] -- Installing: /home/jd/Documents/projet_integration/lib/seal-ros-bridge/install/seal_msgs/share/seal_msgs/cmake/seal_msgs__rosidl_typesupport_introspection_cppExport-noconfig.cmake
[2.217s] -- Installing: /home/jd/Documents/projet_integration/lib/seal-ros-bridge/install/seal_msgs/share/seal_msgs/cmake/seal_msgs__rosidl_typesupport_cppExport.cmake
[2.217s] -- Installing: /home/jd/Documents/projet_integration/lib/seal-ros-bridge/install/seal_msgs/share/seal_msgs/cmake/seal_msgs__rosidl_typesupport_cppExport-noconfig.cmake
[2.217s] -- Installing: /home/jd/Documents/projet_integration/lib/seal-ros-bridge/install/seal_msgs/share/seal_msgs/cmake/export_seal_msgs__rosidl_generator_pyExport.cmake
[2.217s] -- Installing: /home/jd/Documents/projet_integration/lib/seal-ros-bridge/install/seal_msgs/share/seal_msgs/cmake/export_seal_msgs__rosidl_generator_pyExport-noconfig.cmake
[2.217s] -- Installing: /home/jd/Documents/projet_integration/lib/seal-ros-bridge/install/seal_msgs/share/seal_msgs/cmake/rosidl_cmake-extras.cmake
[2.217s] -- Installing: /home/jd/Documents/projet_integration/lib/seal-ros-bridge/install/seal_msgs/share/seal_msgs/cmake/ament_cmake_export_include_directories-extras.cmake
[2.217s] -- Installing: /home/jd/Documents/projet_integration/lib/seal-ros-bridge/install/seal_msgs/share/seal_msgs/cmake/ament_cmake_export_libraries-extras.cmake
[2.217s] -- Installing: /home/jd/Documents/projet_integration/lib/seal-ros-bridge/install/seal_msgs/share/seal_msgs/cmake/ament_cmake_export_targets-extras.cmake
[2.218s] -- Installing: /home/jd/Documents/projet_integration/lib/seal-ros-bridge/install/seal_msgs/share/seal_msgs/cmake/rosidl_cmake_export_typesupport_targets-extras.cmake
[2.218s] -- Installing: /home/jd/Documents/projet_integration/lib/seal-ros-bridge/install/seal_msgs/share/seal_msgs/cmake/ament_cmake_export_dependencies-extras.cmake
[2.218s] -- Installing: /home/jd/Documents/projet_integration/lib/seal-ros-bridge/install/seal_msgs/share/seal_msgs/cmake/rosidl_cmake_export_typesupport_libraries-extras.cmake
[2.218s] -- Installing: /home/jd/Documents/projet_integration/lib/seal-ros-bridge/install/seal_msgs/share/seal_msgs/cmake/seal_msgsConfig.cmake
[2.218s] -- Installing: /home/jd/Documents/projet_integration/lib/seal-ros-bridge/install/seal_msgs/share/seal_msgs/cmake/seal_msgsConfig-version.cmake
[2.218s] -- Installing: /home/jd/Documents/projet_integration/lib/seal-ros-bridge/install/seal_msgs/share/seal_msgs/package.xml
[2.222s] Invoked command in '/home/jd/Documents/projet_integration/lib/seal-ros-bridge/build/seal_msgs' returned '0': CMAKE_PREFIX_PATH=/opt/ros/humble /usr/bin/cmake --install /home/jd/Documents/projet_integration/lib/seal-ros-bridge/build/seal_msgs
