[0.023s] Invoking command in '/home/jd/Documents/projet_integration/lib/seal-ros-bridge/build/seal_ros_nodes': AMENT_PREFIX_PATH=/home/jd/Documents/projet_integration/lib/seal-ros-bridge/install/seal_msgs:${AMENT_PREFIX_PATH} CMAKE_PREFIX_PATH=/home/jd/Documents/projet_integration/lib/seal-ros-bridge/install/seal_msgs:/opt/ros/humble LD_LIBRARY_PATH=/home/jd/Documents/projet_integration/lib/seal-ros-bridge/install/seal_msgs/lib:${LD_LIBRARY_PATH} PYTHONPATH=/home/jd/Documents/projet_integration/lib/seal-ros-bridge/install/seal_msgs/local/lib/python3.10/dist-packages:${PYTHONPATH} /usr/bin/cmake /home/jd/Documents/projet_integration/lib/seal-ros-bridge/seal_ros_nodes -DCMAKE_INSTALL_PREFIX=/home/jd/Documents/projet_integration/lib/seal-ros-bridge/install/seal_ros_nodes
[0.057s] -- The C compiler identification is GNU 11.4.0
[0.109s] -- The CXX compiler identification is GNU 11.4.0
[0.113s] -- Detecting C compiler ABI info
[0.164s] -- Detecting C compiler ABI info - done
[0.170s] -- Check for working C compiler: /usr/bin/cc - skipped
[0.170s] -- Detecting C compile features
[0.170s] -- Detecting C compile features - done
[0.172s] -- Detecting CXX compiler ABI info
[0.237s] -- Detecting CXX compiler ABI info - done
[0.240s] -- Check for working CXX compiler: /usr/bin/c++ - skipped
[0.240s] -- Detecting CXX compile features
[0.240s] -- Detecting CXX compile features - done
[0.241s] -- Found ament_cmake: 1.3.6 (/opt/ros/humble/share/ament_cmake/cmake)
[0.353s] -- Found Python3: /usr/bin/python3.10 (found version "3.10.12") found components: Interpreter 
[0.411s] -- Found rclcpp: 16.0.7 (/opt/ros/humble/share/rclcpp/cmake)
[0.445s] -- Found rosidl_generator_c: 3.1.5 (/opt/ros/humble/share/rosidl_generator_c/cmake)
[0.447s] -- Found rosidl_adapter: 3.1.5 (/opt/ros/humble/share/rosidl_adapter/cmake)
[0.450s] -- Found rosidl_generator_cpp: 3.1.5 (/opt/ros/humble/share/rosidl_generator_cpp/cmake)
[0.457s] -- Using all available rosidl_typesupport_c: rosidl_typesupport_fastrtps_c;rosidl_typesupport_introspection_c
[0.465s] -- Using all available rosidl_typesupport_cpp: rosidl_typesupport_fastrtps_cpp;rosidl_typesupport_introspection_cpp
[0.506s] -- Found rmw_implementation_cmake: 6.1.1 (/opt/ros/humble/share/rmw_implementation_cmake/cmake)
[0.508s] -- Found rmw_fastrtps_cpp: 6.2.5 (/opt/ros/humble/share/rmw_fastrtps_cpp/cmake)
[0.560s] -- Found OpenSSL: /usr/lib/x86_64-linux-gnu/libcrypto.so (found version "3.0.2")  
[0.574s] -- Found FastRTPS: /opt/ros/humble/include  
[0.598s] -- Using RMW implementation 'rmw_fastrtps_cpp' as default
[0.605s] -- Looking for pthread.h
[0.663s] -- Looking for pthread.h - found
[0.663s] -- Performing Test CMAKE_HAVE_LIBC_PTHREAD
[0.731s] -- Performing Test CMAKE_HAVE_LIBC_PTHREAD - Success
[0.731s] -- Found Threads: TRUE  
[0.823s] -- Microsoft SEAL -> Version 4.1.1 detected
[0.823s] -- Microsoft SEAL -> Targets available: SEAL::seal
[0.823s] -- Found seal_msgs: 1.0.0 (/home/jd/Documents/projet_integration/lib/seal-ros-bridge/install/seal_msgs/share/seal_msgs/cmake)
[0.831s] -- Found ament_lint_auto: 0.12.9 (/opt/ros/humble/share/ament_lint_auto/cmake)
[0.874s] -- Added test 'copyright' to check source files copyright and LICENSE
[0.875s] -- Added test 'cppcheck' to perform static code analysis on C / C++ code
[0.875s] -- Configured cppcheck include dirs: /home/jd/Documents/projet_integration/lib/seal-ros-bridge/seal_ros_nodes/include
[0.875s] -- Configured cppcheck exclude dirs and/or files: 
[0.876s] -- Added test 'cpplint' to check C / C++ code against the Google style
[0.876s] -- Configured cpplint exclude dirs and/or files: 
[0.876s] -- Added test 'flake8' to check Python code syntax and style conventions
[0.877s] -- Added test 'lint_cmake' to check CMake code style
[0.877s] -- Added test 'pep257' to check Python code against some of the docstring style conventions in PEP 257
[0.878s] -- Added test 'uncrustify' to check C / C++ code style
[0.878s] -- Configured uncrustify additional arguments: 
[0.878s] -- Added test 'xmllint' to check XML markup files
[0.878s] -- Configuring done
[0.880s] [31mCMake Error at CMakeLists.txt:20 (add_library):
[0.880s]   Cannot find source file:
[0.880s] 
[0.880s]     src/seal_context.cpp
[0.880s] 
[0.880s]   Tried extensions .c .C .c++ .cc .cpp .cxx .cu .mpp .m .M .mm .ixx .cppm .h
[0.880s]   .hh .h++ .hm .hpp .hxx .in .txx .f .F .for .f77 .f90 .f95 .f03 .hip .ispc
[0.880s] 
[0.880s] [0m
[0.880s] [31mCMake Error at CMakeLists.txt:20 (add_library):
[0.880s]   No SOURCES given to target: seal_context
[0.880s] 
[0.880s] [0m
[0.880s] [0mCMake Generate step failed.  Build files cannot be regenerated correctly.[0m
[0.886s] Invoked command in '/home/jd/Documents/projet_integration/lib/seal-ros-bridge/build/seal_ros_nodes' returned '1': AMENT_PREFIX_PATH=/home/jd/Documents/projet_integration/lib/seal-ros-bridge/install/seal_msgs:${AMENT_PREFIX_PATH} CMAKE_PREFIX_PATH=/home/jd/Documents/projet_integration/lib/seal-ros-bridge/install/seal_msgs:/opt/ros/humble LD_LIBRARY_PATH=/home/jd/Documents/projet_integration/lib/seal-ros-bridge/install/seal_msgs/lib:${LD_LIBRARY_PATH} PYTHONPATH=/home/jd/Documents/projet_integration/lib/seal-ros-bridge/install/seal_msgs/local/lib/python3.10/dist-packages:${PYTHONPATH} /usr/bin/cmake /home/jd/Documents/projet_integration/lib/seal-ros-bridge/seal_ros_nodes -DCMAKE_INSTALL_PREFIX=/home/jd/Documents/projet_integration/lib/seal-ros-bridge/install/seal_ros_nodes
