-- Found ament_cmake: 1.3.6 (/opt/ros/humble/share/ament_cmake/cmake)
-- Found rclcpp: 16.0.7 (/opt/ros/humble/share/rclcpp/cmake)
-- Found rosidl_generator_c: 3.1.5 (/opt/ros/humble/share/rosidl_generator_c/cmake)
-- Found rosidl_adapter: 3.1.5 (/opt/ros/humble/share/rosidl_adapter/cmake)
-- Found rosidl_generator_cpp: 3.1.5 (/opt/ros/humble/share/rosidl_generator_cpp/cmake)
-- Using all available rosidl_typesupport_c: rosidl_typesupport_fastrtps_c;rosidl_typesupport_introspection_c
-- Using all available rosidl_typesupport_cpp: rosidl_typesupport_fastrtps_cpp;rosidl_typesupport_introspection_cpp
-- Found rmw_implementation_cmake: 6.1.1 (/opt/ros/humble/share/rmw_implementation_cmake/cmake)
-- Found rmw_fastrtps_cpp: 6.2.5 (/opt/ros/humble/share/rmw_fastrtps_cpp/cmake)
-- Using RMW implementation 'rmw_fastrtps_cpp' as default
-- Microsoft SEAL -> Version 4.1.1 detected
-- Microsoft SEAL -> Targets available: SEAL::seal
-- Found seal_msgs: 1.0.0 (/home/jd/Documents/projet_integration/lib/seal-ros-bridge/install/seal_msgs/share/seal_msgs/cmake)
-- Found ament_lint_auto: 0.12.9 (/opt/ros/humble/share/ament_lint_auto/cmake)
-- Added test 'copyright' to check source files copyright and LICENSE
-- Added test 'cppcheck' to perform static code analysis on C / C++ code
-- Configured cppcheck include dirs: /home/jd/Documents/projet_integration/lib/seal-ros-bridge/seal_ros_nodes/include
-- Configured cppcheck exclude dirs and/or files: 
-- Added test 'cpplint' to check C / C++ code against the Google style
-- Configured cpplint exclude dirs and/or files: 
-- Added test 'flake8' to check Python code syntax and style conventions
-- Added test 'lint_cmake' to check CMake code style
-- Added test 'pep257' to check Python code against some of the docstring style conventions in PEP 257
-- Added test 'uncrustify' to check C / C++ code style
-- Configured uncrustify additional arguments: 
-- Added test 'xmllint' to check XML markup files
-- Configuring done
-- Generating done
-- Build files have been written to: /home/jd/Documents/projet_integration/lib/seal-ros-bridge/build/seal_ros_nodes
[  8%] [32mBuilding CXX object CMakeFiles/sxr_lib.dir/src/sxr_lib.cpp.o[0m
[ 25%] [32mBuilding CXX object CMakeFiles/seal_parms_and_keys.dir/src/seal_parms_and_keys.cpp.o[0m
[ 25%] [32mBuilding CXX object CMakeFiles/seal_server_node.dir/src/seal_server_node.cpp.o[0m
[ 33%] [32m[1mLinking CXX static library libsxr_lib.a[0m
[ 33%] Built target sxr_lib
[ 41%] [32mBuilding CXX object CMakeFiles/seal_encryptor.dir/src/seal_encryptor.cpp.o[0m
[ 50%] [32mBuilding CXX object CMakeFiles/seal_decryptor.dir/src/seal_decryptor.cpp.o[0m
[ 58%] [32m[1mLinking CXX static library libseal_parms_and_keys.a[0m
[ 58%] Built target seal_parms_and_keys
[ 66%] [32m[1mLinking CXX static library libseal_encryptor.a[0m
[ 66%] Built target seal_encryptor
[ 75%] [32m[1mLinking CXX static library libseal_decryptor.a[0m
[ 75%] Built target seal_decryptor
[ 83%] [32mBuilding CXX object CMakeFiles/seal_client_node.dir/src/seal_client_node.cpp.o[0m
[ 91%] [32m[1mLinking CXX executable seal_server_node[0m
[ 91%] Built target seal_server_node
