[0.023s] Invoking command in '/home/jd/Documents/projet_integration/lib/seal-ros-bridge/build/seal_msgs': CMAKE_PREFIX_PATH=/opt/ros/humble /usr/bin/cmake --build /home/jd/Documents/projet_integration/lib/seal-ros-bridge/build/seal_msgs -- -j32 -l32
[0.042s] [35m[1mConsolidate compiler generated dependencies of target seal_msgs__rosidl_generator_c[0m
[0.047s] [  2%] Built target seal_msgs__cpp
[0.047s] [ 12%] Built target seal_msgs__rosidl_generator_c
[0.051s] [ 12%] Built target ament_cmake_python_copy_seal_msgs
[0.051s] [35m[1mConsolidate compiler generated dependencies of target seal_msgs__rosidl_typesupport_cpp[0m
[0.052s] [35m[1mConsolidate compiler generated dependencies of target seal_msgs__rosidl_typesupport_fastrtps_cpp[0m
[0.052s] [35m[1mConsolidate compiler generated dependencies of target seal_msgs__rosidl_typesupport_introspection_cpp[0m
[0.052s] [35m[1mConsolidate compiler generated dependencies of target seal_msgs__rosidl_typesupport_fastrtps_c[0m
[0.052s] [35m[1mConsolidate compiler generated dependencies of target seal_msgs__rosidl_typesupport_c[0m
[0.052s] [35m[1mConsolidate compiler generated dependencies of target seal_msgs__rosidl_typesupport_introspection_c[0m
[0.057s] [ 23%] Built target seal_msgs__rosidl_typesupport_c
[0.057s] [ 33%] Built target seal_msgs__rosidl_typesupport_cpp
[0.057s] [ 43%] Built target seal_msgs__rosidl_typesupport_introspection_c
[0.057s] [ 53%] Built target seal_msgs__rosidl_typesupport_introspection_cpp
[0.057s] [ 64%] Built target seal_msgs__rosidl_typesupport_fastrtps_cpp
[0.058s] [ 74%] Built target seal_msgs__rosidl_typesupport_fastrtps_c
[0.066s] [ 74%] Built target seal_msgs
[0.075s] [ 76%] Built target seal_msgs__py
[0.080s] [35m[1mConsolidate compiler generated dependencies of target seal_msgs__rosidl_generator_py[0m
[0.086s] [ 84%] Built target seal_msgs__rosidl_generator_py
[0.090s] [35m[1mConsolidate compiler generated dependencies of target seal_msgs__rosidl_typesupport_fastrtps_c__pyext[0m
[0.091s] [35m[1mConsolidate compiler generated dependencies of target seal_msgs__rosidl_typesupport_introspection_c__pyext[0m
[0.091s] [35m[1mConsolidate compiler generated dependencies of target seal_msgs__rosidl_typesupport_c__pyext[0m
[0.096s] [ 89%] Built target seal_msgs__rosidl_typesupport_fastrtps_c__pyext
[0.096s] [ 94%] Built target seal_msgs__rosidl_typesupport_introspection_c__pyext
[0.096s] [100%] Built target seal_msgs__rosidl_typesupport_c__pyext
[0.157s] running egg_info
[0.157s] writing seal_msgs.egg-info/PKG-INFO
[0.158s] writing dependency_links to seal_msgs.egg-info/dependency_links.txt
[0.158s] writing top-level names to seal_msgs.egg-info/top_level.txt
[0.159s] reading manifest file 'seal_msgs.egg-info/SOURCES.txt'
[0.159s] writing manifest file 'seal_msgs.egg-info/SOURCES.txt'
[0.171s] [100%] Built target ament_cmake_python_build_seal_msgs_egg
[0.178s] Invoked command in '/home/jd/Documents/projet_integration/lib/seal-ros-bridge/build/seal_msgs' returned '0': CMAKE_PREFIX_PATH=/opt/ros/humble /usr/bin/cmake --build /home/jd/Documents/projet_integration/lib/seal-ros-bridge/build/seal_msgs -- -j32 -l32
[0.238s] Invoking command in '/home/jd/Documents/projet_integration/lib/seal-ros-bridge/build/seal_msgs': CMAKE_PREFIX_PATH=/opt/ros/humble /usr/bin/cmake --install /home/jd/Documents/projet_integration/lib/seal-ros-bridge/build/seal_msgs
[0.246s] -- Install configuration: ""
[0.246s] -- Up-to-date: /home/jd/Documents/projet_integration/lib/seal-ros-bridge/install/seal_msgs/share/ament_index/resource_index/rosidl_interfaces/seal_msgs
[0.247s] -- Up-to-date: /home/jd/Documents/projet_integration/lib/seal-ros-bridge/install/seal_msgs/include/seal_msgs/seal_msgs
[0.247s] -- Up-to-date: /home/jd/Documents/projet_integration/lib/seal-ros-bridge/install/seal_msgs/include/seal_msgs/seal_msgs/msg
[0.247s] -- Up-to-date: /home/jd/Documents/projet_integration/lib/seal-ros-bridge/install/seal_msgs/include/seal_msgs/seal_msgs/msg/detail
[0.247s] -- Up-to-date: /home/jd/Documents/projet_integration/lib/seal-ros-bridge/install/seal_msgs/include/seal_msgs/seal_msgs/msg/detail/seal_data__struct.h
[0.247s] -- Up-to-date: /home/jd/Documents/projet_integration/lib/seal-ros-bridge/install/seal_msgs/include/seal_msgs/seal_msgs/msg/detail/seal_data__functions.c
[0.247s] -- Up-to-date: /home/jd/Documents/projet_integration/lib/seal-ros-bridge/install/seal_msgs/include/seal_msgs/seal_msgs/msg/detail/seal_data__type_support.h
[0.247s] -- Up-to-date: /home/jd/Documents/projet_integration/lib/seal-ros-bridge/install/seal_msgs/include/seal_msgs/seal_msgs/msg/detail/seal_data__functions.h
[0.247s] -- Up-to-date: /home/jd/Documents/projet_integration/lib/seal-ros-bridge/install/seal_msgs/include/seal_msgs/seal_msgs/msg/rosidl_generator_c__visibility_control.h
[0.248s] -- Up-to-date: /home/jd/Documents/projet_integration/lib/seal-ros-bridge/install/seal_msgs/include/seal_msgs/seal_msgs/msg/seal_data.h
[0.248s] -- Up-to-date: /home/jd/Documents/projet_integration/lib/seal-ros-bridge/install/seal_msgs/include/seal_msgs/seal_msgs/srv
[0.248s] -- Up-to-date: /home/jd/Documents/projet_integration/lib/seal-ros-bridge/install/seal_msgs/include/seal_msgs/seal_msgs/srv/detail
[0.248s] -- Up-to-date: /home/jd/Documents/projet_integration/lib/seal-ros-bridge/install/seal_msgs/include/seal_msgs/seal_msgs/srv/detail/key_exchange__type_support.h
[0.248s] -- Up-to-date: /home/jd/Documents/projet_integration/lib/seal-ros-bridge/install/seal_msgs/include/seal_msgs/seal_msgs/srv/detail/key_exchange__struct.h
[0.248s] -- Up-to-date: /home/jd/Documents/projet_integration/lib/seal-ros-bridge/install/seal_msgs/include/seal_msgs/seal_msgs/srv/detail/key_exchange__functions.h
[0.248s] -- Up-to-date: /home/jd/Documents/projet_integration/lib/seal-ros-bridge/install/seal_msgs/include/seal_msgs/seal_msgs/srv/detail/key_exchange__functions.c
[0.248s] -- Up-to-date: /home/jd/Documents/projet_integration/lib/seal-ros-bridge/install/seal_msgs/include/seal_msgs/seal_msgs/srv/key_exchange.h
[0.248s] -- Up-to-date: /home/jd/Documents/projet_integration/lib/seal-ros-bridge/install/seal_msgs/share/seal_msgs/environment/library_path.sh
[0.248s] -- Up-to-date: /home/jd/Documents/projet_integration/lib/seal-ros-bridge/install/seal_msgs/share/seal_msgs/environment/library_path.dsv
[0.248s] -- Up-to-date: /home/jd/Documents/projet_integration/lib/seal-ros-bridge/install/seal_msgs/lib/libseal_msgs__rosidl_generator_c.so
[0.248s] -- Up-to-date: /home/jd/Documents/projet_integration/lib/seal-ros-bridge/install/seal_msgs/include/seal_msgs/seal_msgs
[0.248s] -- Up-to-date: /home/jd/Documents/projet_integration/lib/seal-ros-bridge/install/seal_msgs/include/seal_msgs/seal_msgs/msg
[0.248s] -- Up-to-date: /home/jd/Documents/projet_integration/lib/seal-ros-bridge/install/seal_msgs/include/seal_msgs/seal_msgs/msg/detail
[0.248s] -- Up-to-date: /home/jd/Documents/projet_integration/lib/seal-ros-bridge/install/seal_msgs/include/seal_msgs/seal_msgs/msg/detail/seal_data__rosidl_typesupport_fastrtps_c.h
[0.249s] -- Up-to-date: /home/jd/Documents/projet_integration/lib/seal-ros-bridge/install/seal_msgs/include/seal_msgs/seal_msgs/msg/rosidl_typesupport_fastrtps_c__visibility_control.h
[0.249s] -- Up-to-date: /home/jd/Documents/projet_integration/lib/seal-ros-bridge/install/seal_msgs/include/seal_msgs/seal_msgs/srv
[0.249s] -- Up-to-date: /home/jd/Documents/projet_integration/lib/seal-ros-bridge/install/seal_msgs/include/seal_msgs/seal_msgs/srv/detail
[0.249s] -- Up-to-date: /home/jd/Documents/projet_integration/lib/seal-ros-bridge/install/seal_msgs/include/seal_msgs/seal_msgs/srv/detail/key_exchange__rosidl_typesupport_fastrtps_c.h
[0.249s] -- Up-to-date: /home/jd/Documents/projet_integration/lib/seal-ros-bridge/install/seal_msgs/lib/libseal_msgs__rosidl_typesupport_fastrtps_c.so
[0.249s] -- Up-to-date: /home/jd/Documents/projet_integration/lib/seal-ros-bridge/install/seal_msgs/include/seal_msgs/seal_msgs
[0.249s] -- Up-to-date: /home/jd/Documents/projet_integration/lib/seal-ros-bridge/install/seal_msgs/include/seal_msgs/seal_msgs/msg
[0.249s] -- Up-to-date: /home/jd/Documents/projet_integration/lib/seal-ros-bridge/install/seal_msgs/include/seal_msgs/seal_msgs/msg/detail
[0.249s] -- Up-to-date: /home/jd/Documents/projet_integration/lib/seal-ros-bridge/install/seal_msgs/include/seal_msgs/seal_msgs/msg/detail/seal_data__rosidl_typesupport_introspection_c.h
[0.249s] -- Up-to-date: /home/jd/Documents/projet_integration/lib/seal-ros-bridge/install/seal_msgs/include/seal_msgs/seal_msgs/msg/detail/seal_data__type_support.c
[0.249s] -- Up-to-date: /home/jd/Documents/projet_integration/lib/seal-ros-bridge/install/seal_msgs/include/seal_msgs/seal_msgs/msg/rosidl_typesupport_introspection_c__visibility_control.h
[0.249s] -- Up-to-date: /home/jd/Documents/projet_integration/lib/seal-ros-bridge/install/seal_msgs/include/seal_msgs/seal_msgs/srv
[0.249s] -- Up-to-date: /home/jd/Documents/projet_integration/lib/seal-ros-bridge/install/seal_msgs/include/seal_msgs/seal_msgs/srv/detail
[0.249s] -- Up-to-date: /home/jd/Documents/projet_integration/lib/seal-ros-bridge/install/seal_msgs/include/seal_msgs/seal_msgs/srv/detail/key_exchange__rosidl_typesupport_introspection_c.h
[0.249s] -- Up-to-date: /home/jd/Documents/projet_integration/lib/seal-ros-bridge/install/seal_msgs/include/seal_msgs/seal_msgs/srv/detail/key_exchange__type_support.c
[0.249s] -- Up-to-date: /home/jd/Documents/projet_integration/lib/seal-ros-bridge/install/seal_msgs/lib/libseal_msgs__rosidl_typesupport_introspection_c.so
[0.249s] -- Up-to-date: /home/jd/Documents/projet_integration/lib/seal-ros-bridge/install/seal_msgs/lib/libseal_msgs__rosidl_typesupport_c.so
[0.249s] -- Up-to-date: /home/jd/Documents/projet_integration/lib/seal-ros-bridge/install/seal_msgs/include/seal_msgs/seal_msgs
[0.249s] -- Up-to-date: /home/jd/Documents/projet_integration/lib/seal-ros-bridge/install/seal_msgs/include/seal_msgs/seal_msgs/msg
[0.249s] -- Up-to-date: /home/jd/Documents/projet_integration/lib/seal-ros-bridge/install/seal_msgs/include/seal_msgs/seal_msgs/msg/detail
[0.249s] -- Up-to-date: /home/jd/Documents/projet_integration/lib/seal-ros-bridge/install/seal_msgs/include/seal_msgs/seal_msgs/msg/detail/seal_data__struct.hpp
[0.249s] -- Up-to-date: /home/jd/Documents/projet_integration/lib/seal-ros-bridge/install/seal_msgs/include/seal_msgs/seal_msgs/msg/detail/seal_data__traits.hpp
[0.249s] -- Up-to-date: /home/jd/Documents/projet_integration/lib/seal-ros-bridge/install/seal_msgs/include/seal_msgs/seal_msgs/msg/detail/seal_data__builder.hpp
[0.249s] -- Up-to-date: /home/jd/Documents/projet_integration/lib/seal-ros-bridge/install/seal_msgs/include/seal_msgs/seal_msgs/msg/seal_data.hpp
[0.250s] -- Up-to-date: /home/jd/Documents/projet_integration/lib/seal-ros-bridge/install/seal_msgs/include/seal_msgs/seal_msgs/srv
[0.250s] -- Up-to-date: /home/jd/Documents/projet_integration/lib/seal-ros-bridge/install/seal_msgs/include/seal_msgs/seal_msgs/srv/detail
[0.250s] -- Up-to-date: /home/jd/Documents/projet_integration/lib/seal-ros-bridge/install/seal_msgs/include/seal_msgs/seal_msgs/srv/detail/key_exchange__traits.hpp
[0.250s] -- Up-to-date: /home/jd/Documents/projet_integration/lib/seal-ros-bridge/install/seal_msgs/include/seal_msgs/seal_msgs/srv/detail/key_exchange__struct.hpp
[0.250s] -- Up-to-date: /home/jd/Documents/projet_integration/lib/seal-ros-bridge/install/seal_msgs/include/seal_msgs/seal_msgs/srv/detail/key_exchange__builder.hpp
[0.250s] -- Up-to-date: /home/jd/Documents/projet_integration/lib/seal-ros-bridge/install/seal_msgs/include/seal_msgs/seal_msgs/srv/key_exchange.hpp
[0.250s] -- Up-to-date: /home/jd/Documents/projet_integration/lib/seal-ros-bridge/install/seal_msgs/include/seal_msgs/seal_msgs
[0.250s] -- Up-to-date: /home/jd/Documents/projet_integration/lib/seal-ros-bridge/install/seal_msgs/include/seal_msgs/seal_msgs/msg
[0.250s] -- Up-to-date: /home/jd/Documents/projet_integration/lib/seal-ros-bridge/install/seal_msgs/include/seal_msgs/seal_msgs/msg/rosidl_typesupport_fastrtps_cpp__visibility_control.h
[0.250s] -- Up-to-date: /home/jd/Documents/projet_integration/lib/seal-ros-bridge/install/seal_msgs/include/seal_msgs/seal_msgs/msg/detail
[0.250s] -- Up-to-date: /home/jd/Documents/projet_integration/lib/seal-ros-bridge/install/seal_msgs/include/seal_msgs/seal_msgs/msg/detail/seal_data__rosidl_typesupport_fastrtps_cpp.hpp
[0.250s] -- Up-to-date: /home/jd/Documents/projet_integration/lib/seal-ros-bridge/install/seal_msgs/include/seal_msgs/seal_msgs/msg/detail/dds_fastrtps
[0.250s] -- Up-to-date: /home/jd/Documents/projet_integration/lib/seal-ros-bridge/install/seal_msgs/include/seal_msgs/seal_msgs/srv
[0.250s] -- Up-to-date: /home/jd/Documents/projet_integration/lib/seal-ros-bridge/install/seal_msgs/include/seal_msgs/seal_msgs/srv/detail
[0.250s] -- Up-to-date: /home/jd/Documents/projet_integration/lib/seal-ros-bridge/install/seal_msgs/include/seal_msgs/seal_msgs/srv/detail/dds_fastrtps
[0.250s] -- Up-to-date: /home/jd/Documents/projet_integration/lib/seal-ros-bridge/install/seal_msgs/include/seal_msgs/seal_msgs/srv/detail/key_exchange__rosidl_typesupport_fastrtps_cpp.hpp
[0.250s] -- Up-to-date: /home/jd/Documents/projet_integration/lib/seal-ros-bridge/install/seal_msgs/lib/libseal_msgs__rosidl_typesupport_fastrtps_cpp.so
[0.250s] -- Up-to-date: /home/jd/Documents/projet_integration/lib/seal-ros-bridge/install/seal_msgs/include/seal_msgs/seal_msgs
[0.250s] -- Up-to-date: /home/jd/Documents/projet_integration/lib/seal-ros-bridge/install/seal_msgs/include/seal_msgs/seal_msgs/msg
[0.250s] -- Up-to-date: /home/jd/Documents/projet_integration/lib/seal-ros-bridge/install/seal_msgs/include/seal_msgs/seal_msgs/msg/detail
[0.250s] -- Up-to-date: /home/jd/Documents/projet_integration/lib/seal-ros-bridge/install/seal_msgs/include/seal_msgs/seal_msgs/msg/detail/seal_data__rosidl_typesupport_introspection_cpp.hpp
[0.250s] -- Up-to-date: /home/jd/Documents/projet_integration/lib/seal-ros-bridge/install/seal_msgs/include/seal_msgs/seal_msgs/msg/detail/seal_data__type_support.cpp
[0.250s] -- Up-to-date: /home/jd/Documents/projet_integration/lib/seal-ros-bridge/install/seal_msgs/include/seal_msgs/seal_msgs/srv
[0.250s] -- Up-to-date: /home/jd/Documents/projet_integration/lib/seal-ros-bridge/install/seal_msgs/include/seal_msgs/seal_msgs/srv/detail
[0.250s] -- Up-to-date: /home/jd/Documents/projet_integration/lib/seal-ros-bridge/install/seal_msgs/include/seal_msgs/seal_msgs/srv/detail/key_exchange__type_support.cpp
[0.251s] -- Up-to-date: /home/jd/Documents/projet_integration/lib/seal-ros-bridge/install/seal_msgs/include/seal_msgs/seal_msgs/srv/detail/key_exchange__rosidl_typesupport_introspection_cpp.hpp
[0.251s] -- Up-to-date: /home/jd/Documents/projet_integration/lib/seal-ros-bridge/install/seal_msgs/lib/libseal_msgs__rosidl_typesupport_introspection_cpp.so
[0.251s] -- Up-to-date: /home/jd/Documents/projet_integration/lib/seal-ros-bridge/install/seal_msgs/lib/libseal_msgs__rosidl_typesupport_cpp.so
[0.251s] -- Up-to-date: /home/jd/Documents/projet_integration/lib/seal-ros-bridge/install/seal_msgs/share/seal_msgs/environment/pythonpath.sh
[0.251s] -- Up-to-date: /home/jd/Documents/projet_integration/lib/seal-ros-bridge/install/seal_msgs/share/seal_msgs/environment/pythonpath.dsv
[0.251s] -- Up-to-date: /home/jd/Documents/projet_integration/lib/seal-ros-bridge/install/seal_msgs/local/lib/python3.10/dist-packages/seal_msgs-1.0.0-py3.10.egg-info
[0.251s] -- Installing: /home/jd/Documents/projet_integration/lib/seal-ros-bridge/install/seal_msgs/local/lib/python3.10/dist-packages/seal_msgs-1.0.0-py3.10.egg-info/PKG-INFO
[0.251s] -- Installing: /home/jd/Documents/projet_integration/lib/seal-ros-bridge/install/seal_msgs/local/lib/python3.10/dist-packages/seal_msgs-1.0.0-py3.10.egg-info/SOURCES.txt
[0.251s] -- Installing: /home/jd/Documents/projet_integration/lib/seal-ros-bridge/install/seal_msgs/local/lib/python3.10/dist-packages/seal_msgs-1.0.0-py3.10.egg-info/top_level.txt
[0.251s] -- Installing: /home/jd/Documents/projet_integration/lib/seal-ros-bridge/install/seal_msgs/local/lib/python3.10/dist-packages/seal_msgs-1.0.0-py3.10.egg-info/dependency_links.txt
[0.251s] -- Up-to-date: /home/jd/Documents/projet_integration/lib/seal-ros-bridge/install/seal_msgs/local/lib/python3.10/dist-packages/seal_msgs
[0.251s] -- Up-to-date: /home/jd/Documents/projet_integration/lib/seal-ros-bridge/install/seal_msgs/local/lib/python3.10/dist-packages/seal_msgs/_seal_msgs_s.ep.rosidl_typesupport_fastrtps_c.c
[0.251s] -- Up-to-date: /home/jd/Documents/projet_integration/lib/seal-ros-bridge/install/seal_msgs/local/lib/python3.10/dist-packages/seal_msgs/seal_msgs_s__rosidl_typesupport_fastrtps_c.cpython-310-x86_64-linux-gnu.so
[0.251s] -- Up-to-date: /home/jd/Documents/projet_integration/lib/seal-ros-bridge/install/seal_msgs/local/lib/python3.10/dist-packages/seal_msgs/_seal_msgs_s.ep.rosidl_typesupport_c.c
[0.251s] -- Up-to-date: /home/jd/Documents/projet_integration/lib/seal-ros-bridge/install/seal_msgs/local/lib/python3.10/dist-packages/seal_msgs/libseal_msgs__rosidl_generator_py.so
[0.251s] -- Up-to-date: /home/jd/Documents/projet_integration/lib/seal-ros-bridge/install/seal_msgs/local/lib/python3.10/dist-packages/seal_msgs/msg
[0.251s] -- Up-to-date: /home/jd/Documents/projet_integration/lib/seal-ros-bridge/install/seal_msgs/local/lib/python3.10/dist-packages/seal_msgs/msg/_seal_data_s.c
[0.251s] -- Up-to-date: /home/jd/Documents/projet_integration/lib/seal-ros-bridge/install/seal_msgs/local/lib/python3.10/dist-packages/seal_msgs/msg/_seal_data.py
[0.251s] -- Up-to-date: /home/jd/Documents/projet_integration/lib/seal-ros-bridge/install/seal_msgs/local/lib/python3.10/dist-packages/seal_msgs/msg/__init__.py
[0.251s] -- Up-to-date: /home/jd/Documents/projet_integration/lib/seal-ros-bridge/install/seal_msgs/local/lib/python3.10/dist-packages/seal_msgs/srv
[0.251s] -- Up-to-date: /home/jd/Documents/projet_integration/lib/seal-ros-bridge/install/seal_msgs/local/lib/python3.10/dist-packages/seal_msgs/srv/_key_exchange.py
[0.251s] -- Up-to-date: /home/jd/Documents/projet_integration/lib/seal-ros-bridge/install/seal_msgs/local/lib/python3.10/dist-packages/seal_msgs/srv/_key_exchange_s.c
[0.251s] -- Up-to-date: /home/jd/Documents/projet_integration/lib/seal-ros-bridge/install/seal_msgs/local/lib/python3.10/dist-packages/seal_msgs/srv/__init__.py
[0.251s] -- Up-to-date: /home/jd/Documents/projet_integration/lib/seal-ros-bridge/install/seal_msgs/local/lib/python3.10/dist-packages/seal_msgs/seal_msgs_s__rosidl_typesupport_c.cpython-310-x86_64-linux-gnu.so
[0.251s] -- Up-to-date: /home/jd/Documents/projet_integration/lib/seal-ros-bridge/install/seal_msgs/local/lib/python3.10/dist-packages/seal_msgs/_seal_msgs_s.ep.rosidl_typesupport_introspection_c.c
[0.251s] -- Up-to-date: /home/jd/Documents/projet_integration/lib/seal-ros-bridge/install/seal_msgs/local/lib/python3.10/dist-packages/seal_msgs/seal_msgs_s__rosidl_typesupport_introspection_c.cpython-310-x86_64-linux-gnu.so
[0.251s] -- Up-to-date: /home/jd/Documents/projet_integration/lib/seal-ros-bridge/install/seal_msgs/local/lib/python3.10/dist-packages/seal_msgs/__init__.py
[0.277s] Listing '/home/jd/Documents/projet_integration/lib/seal-ros-bridge/install/seal_msgs/local/lib/python3.10/dist-packages/seal_msgs'...
[0.277s] Listing '/home/jd/Documents/projet_integration/lib/seal-ros-bridge/install/seal_msgs/local/lib/python3.10/dist-packages/seal_msgs/msg'...
[0.277s] Listing '/home/jd/Documents/projet_integration/lib/seal-ros-bridge/install/seal_msgs/local/lib/python3.10/dist-packages/seal_msgs/srv'...
[0.279s] -- Up-to-date: /home/jd/Documents/projet_integration/lib/seal-ros-bridge/install/seal_msgs/local/lib/python3.10/dist-packages/seal_msgs/seal_msgs_s__rosidl_typesupport_fastrtps_c.cpython-310-x86_64-linux-gnu.so
[0.279s] -- Up-to-date: /home/jd/Documents/projet_integration/lib/seal-ros-bridge/install/seal_msgs/local/lib/python3.10/dist-packages/seal_msgs/seal_msgs_s__rosidl_typesupport_introspection_c.cpython-310-x86_64-linux-gnu.so
[0.279s] -- Up-to-date: /home/jd/Documents/projet_integration/lib/seal-ros-bridge/install/seal_msgs/local/lib/python3.10/dist-packages/seal_msgs/seal_msgs_s__rosidl_typesupport_c.cpython-310-x86_64-linux-gnu.so
[0.279s] -- Up-to-date: /home/jd/Documents/projet_integration/lib/seal-ros-bridge/install/seal_msgs/lib/libseal_msgs__rosidl_generator_py.so
[0.279s] -- Up-to-date: /home/jd/Documents/projet_integration/lib/seal-ros-bridge/install/seal_msgs/share/seal_msgs/msg/SealData.idl
[0.279s] -- Up-to-date: /home/jd/Documents/projet_integration/lib/seal-ros-bridge/install/seal_msgs/share/seal_msgs/srv/KeyExchange.idl
[0.279s] -- Up-to-date: /home/jd/Documents/projet_integration/lib/seal-ros-bridge/install/seal_msgs/share/seal_msgs/msg/SealData.msg
[0.279s] -- Up-to-date: /home/jd/Documents/projet_integration/lib/seal-ros-bridge/install/seal_msgs/share/seal_msgs/srv/KeyExchange.srv
[0.279s] -- Up-to-date: /home/jd/Documents/projet_integration/lib/seal-ros-bridge/install/seal_msgs/share/seal_msgs/srv/KeyExchange_Request.msg
[0.279s] -- Up-to-date: /home/jd/Documents/projet_integration/lib/seal-ros-bridge/install/seal_msgs/share/seal_msgs/srv/KeyExchange_Response.msg
[0.279s] -- Up-to-date: /home/jd/Documents/projet_integration/lib/seal-ros-bridge/install/seal_msgs/share/ament_index/resource_index/package_run_dependencies/seal_msgs
[0.279s] -- Up-to-date: /home/jd/Documents/projet_integration/lib/seal-ros-bridge/install/seal_msgs/share/ament_index/resource_index/parent_prefix_path/seal_msgs
[0.279s] -- Up-to-date: /home/jd/Documents/projet_integration/lib/seal-ros-bridge/install/seal_msgs/share/seal_msgs/environment/ament_prefix_path.sh
[0.279s] -- Up-to-date: /home/jd/Documents/projet_integration/lib/seal-ros-bridge/install/seal_msgs/share/seal_msgs/environment/ament_prefix_path.dsv
[0.279s] -- Up-to-date: /home/jd/Documents/projet_integration/lib/seal-ros-bridge/install/seal_msgs/share/seal_msgs/environment/path.sh
[0.279s] -- Up-to-date: /home/jd/Documents/projet_integration/lib/seal-ros-bridge/install/seal_msgs/share/seal_msgs/environment/path.dsv
[0.279s] -- Up-to-date: /home/jd/Documents/projet_integration/lib/seal-ros-bridge/install/seal_msgs/share/seal_msgs/local_setup.bash
[0.279s] -- Up-to-date: /home/jd/Documents/projet_integration/lib/seal-ros-bridge/install/seal_msgs/share/seal_msgs/local_setup.sh
[0.279s] -- Up-to-date: /home/jd/Documents/projet_integration/lib/seal-ros-bridge/install/seal_msgs/share/seal_msgs/local_setup.zsh
[0.279s] -- Up-to-date: /home/jd/Documents/projet_integration/lib/seal-ros-bridge/install/seal_msgs/share/seal_msgs/local_setup.dsv
[0.279s] -- Installing: /home/jd/Documents/projet_integration/lib/seal-ros-bridge/install/seal_msgs/share/seal_msgs/package.dsv
[0.279s] -- Up-to-date: /home/jd/Documents/projet_integration/lib/seal-ros-bridge/install/seal_msgs/share/ament_index/resource_index/packages/seal_msgs
[0.279s] -- Up-to-date: /home/jd/Documents/projet_integration/lib/seal-ros-bridge/install/seal_msgs/share/seal_msgs/cmake/export_seal_msgs__rosidl_generator_cExport.cmake
[0.279s] -- Up-to-date: /home/jd/Documents/projet_integration/lib/seal-ros-bridge/install/seal_msgs/share/seal_msgs/cmake/export_seal_msgs__rosidl_generator_cExport-noconfig.cmake
[0.279s] -- Up-to-date: /home/jd/Documents/projet_integration/lib/seal-ros-bridge/install/seal_msgs/share/seal_msgs/cmake/export_seal_msgs__rosidl_typesupport_fastrtps_cExport.cmake
[0.279s] -- Up-to-date: /home/jd/Documents/projet_integration/lib/seal-ros-bridge/install/seal_msgs/share/seal_msgs/cmake/export_seal_msgs__rosidl_typesupport_fastrtps_cExport-noconfig.cmake
[0.279s] -- Up-to-date: /home/jd/Documents/projet_integration/lib/seal-ros-bridge/install/seal_msgs/share/seal_msgs/cmake/seal_msgs__rosidl_typesupport_introspection_cExport.cmake
[0.279s] -- Up-to-date: /home/jd/Documents/projet_integration/lib/seal-ros-bridge/install/seal_msgs/share/seal_msgs/cmake/seal_msgs__rosidl_typesupport_introspection_cExport-noconfig.cmake
[0.279s] -- Up-to-date: /home/jd/Documents/projet_integration/lib/seal-ros-bridge/install/seal_msgs/share/seal_msgs/cmake/seal_msgs__rosidl_typesupport_cExport.cmake
[0.280s] -- Up-to-date: /home/jd/Documents/projet_integration/lib/seal-ros-bridge/install/seal_msgs/share/seal_msgs/cmake/seal_msgs__rosidl_typesupport_cExport-noconfig.cmake
[0.280s] -- Up-to-date: /home/jd/Documents/projet_integration/lib/seal-ros-bridge/install/seal_msgs/share/seal_msgs/cmake/export_seal_msgs__rosidl_generator_cppExport.cmake
[0.280s] -- Up-to-date: /home/jd/Documents/projet_integration/lib/seal-ros-bridge/install/seal_msgs/share/seal_msgs/cmake/export_seal_msgs__rosidl_typesupport_fastrtps_cppExport.cmake
[0.280s] -- Up-to-date: /home/jd/Documents/projet_integration/lib/seal-ros-bridge/install/seal_msgs/share/seal_msgs/cmake/export_seal_msgs__rosidl_typesupport_fastrtps_cppExport-noconfig.cmake
[0.280s] -- Up-to-date: /home/jd/Documents/projet_integration/lib/seal-ros-bridge/install/seal_msgs/share/seal_msgs/cmake/seal_msgs__rosidl_typesupport_introspection_cppExport.cmake
[0.280s] -- Up-to-date: /home/jd/Documents/projet_integration/lib/seal-ros-bridge/install/seal_msgs/share/seal_msgs/cmake/seal_msgs__rosidl_typesupport_introspection_cppExport-noconfig.cmake
[0.280s] -- Up-to-date: /home/jd/Documents/projet_integration/lib/seal-ros-bridge/install/seal_msgs/share/seal_msgs/cmake/seal_msgs__rosidl_typesupport_cppExport.cmake
[0.280s] -- Up-to-date: /home/jd/Documents/projet_integration/lib/seal-ros-bridge/install/seal_msgs/share/seal_msgs/cmake/seal_msgs__rosidl_typesupport_cppExport-noconfig.cmake
[0.280s] -- Up-to-date: /home/jd/Documents/projet_integration/lib/seal-ros-bridge/install/seal_msgs/share/seal_msgs/cmake/export_seal_msgs__rosidl_generator_pyExport.cmake
[0.280s] -- Up-to-date: /home/jd/Documents/projet_integration/lib/seal-ros-bridge/install/seal_msgs/share/seal_msgs/cmake/export_seal_msgs__rosidl_generator_pyExport-noconfig.cmake
[0.280s] -- Up-to-date: /home/jd/Documents/projet_integration/lib/seal-ros-bridge/install/seal_msgs/share/seal_msgs/cmake/rosidl_cmake-extras.cmake
[0.280s] -- Up-to-date: /home/jd/Documents/projet_integration/lib/seal-ros-bridge/install/seal_msgs/share/seal_msgs/cmake/ament_cmake_export_include_directories-extras.cmake
[0.280s] -- Up-to-date: /home/jd/Documents/projet_integration/lib/seal-ros-bridge/install/seal_msgs/share/seal_msgs/cmake/ament_cmake_export_libraries-extras.cmake
[0.280s] -- Up-to-date: /home/jd/Documents/projet_integration/lib/seal-ros-bridge/install/seal_msgs/share/seal_msgs/cmake/ament_cmake_export_targets-extras.cmake
[0.280s] -- Up-to-date: /home/jd/Documents/projet_integration/lib/seal-ros-bridge/install/seal_msgs/share/seal_msgs/cmake/rosidl_cmake_export_typesupport_targets-extras.cmake
[0.280s] -- Up-to-date: /home/jd/Documents/projet_integration/lib/seal-ros-bridge/install/seal_msgs/share/seal_msgs/cmake/ament_cmake_export_dependencies-extras.cmake
[0.280s] -- Up-to-date: /home/jd/Documents/projet_integration/lib/seal-ros-bridge/install/seal_msgs/share/seal_msgs/cmake/rosidl_cmake_export_typesupport_libraries-extras.cmake
[0.280s] -- Up-to-date: /home/jd/Documents/projet_integration/lib/seal-ros-bridge/install/seal_msgs/share/seal_msgs/cmake/seal_msgsConfig.cmake
[0.280s] -- Up-to-date: /home/jd/Documents/projet_integration/lib/seal-ros-bridge/install/seal_msgs/share/seal_msgs/cmake/seal_msgsConfig-version.cmake
[0.280s] -- Up-to-date: /home/jd/Documents/projet_integration/lib/seal-ros-bridge/install/seal_msgs/share/seal_msgs/package.xml
[0.281s] Invoked command in '/home/jd/Documents/projet_integration/lib/seal-ros-bridge/build/seal_msgs' returned '0': CMAKE_PREFIX_PATH=/opt/ros/humble /usr/bin/cmake --install /home/jd/Documents/projet_integration/lib/seal-ros-bridge/build/seal_msgs
