[  2%] Built target seal_msgs__cpp
[ 12%] Built target seal_msgs__rosidl_generator_c
[ 12%] Built target ament_cmake_python_copy_seal_msgs
[ 23%] Built target seal_msgs__rosidl_typesupport_cpp
[ 33%] Built target seal_msgs__rosidl_typesupport_introspection_cpp
[ 46%] Built target seal_msgs__rosidl_typesupport_c
[ 53%] Built target seal_msgs__rosidl_typesupport_fastrtps_cpp
[ 64%] Built target seal_msgs__rosidl_typesupport_introspection_c
[ 74%] Built target seal_msgs__rosidl_typesupport_fastrtps_c
[ 74%] Built target seal_msgs
[ 76%] Built target seal_msgs__py
[ 84%] Built target seal_msgs__rosidl_generator_py
[ 94%] Built target seal_msgs__rosidl_typesupport_fastrtps_c__pyext
[ 94%] Built target seal_msgs__rosidl_typesupport_introspection_c__pyext
[100%] Built target seal_msgs__rosidl_typesupport_c__pyext
running egg_info
writing seal_msgs.egg-info/PKG-INFO
writing dependency_links to seal_msgs.egg-info/dependency_links.txt
writing top-level names to seal_msgs.egg-info/top_level.txt
reading manifest file 'seal_msgs.egg-info/SOURCES.txt'
writing manifest file 'seal_msgs.egg-info/SOURCES.txt'
[100%] Built target ament_cmake_python_build_seal_msgs_egg
-- Install configuration: ""
-- Up-to-date: /home/jd/Documents/projet_integration/lib/seal-ros-bridge/install/seal_msgs/share/ament_index/resource_index/rosidl_interfaces/seal_msgs
-- Up-to-date: /home/jd/Documents/projet_integration/lib/seal-ros-bridge/install/seal_msgs/include/seal_msgs/seal_msgs
-- Up-to-date: /home/jd/Documents/projet_integration/lib/seal-ros-bridge/install/seal_msgs/include/seal_msgs/seal_msgs/msg
-- Up-to-date: /home/jd/Documents/projet_integration/lib/seal-ros-bridge/install/seal_msgs/include/seal_msgs/seal_msgs/msg/detail
-- Up-to-date: /home/jd/Documents/projet_integration/lib/seal-ros-bridge/install/seal_msgs/include/seal_msgs/seal_msgs/msg/detail/seal_data__struct.h
-- Up-to-date: /home/jd/Documents/projet_integration/lib/seal-ros-bridge/install/seal_msgs/include/seal_msgs/seal_msgs/msg/detail/seal_data__functions.c
-- Up-to-date: /home/jd/Documents/projet_integration/lib/seal-ros-bridge/install/seal_msgs/include/seal_msgs/seal_msgs/msg/detail/seal_data__type_support.h
-- Up-to-date: /home/jd/Documents/projet_integration/lib/seal-ros-bridge/install/seal_msgs/include/seal_msgs/seal_msgs/msg/detail/seal_data__functions.h
-- Up-to-date: /home/jd/Documents/projet_integration/lib/seal-ros-bridge/install/seal_msgs/include/seal_msgs/seal_msgs/msg/rosidl_generator_c__visibility_control.h
-- Up-to-date: /home/jd/Documents/projet_integration/lib/seal-ros-bridge/install/seal_msgs/include/seal_msgs/seal_msgs/msg/seal_data.h
-- Up-to-date: /home/jd/Documents/projet_integration/lib/seal-ros-bridge/install/seal_msgs/include/seal_msgs/seal_msgs/srv
-- Up-to-date: /home/jd/Documents/projet_integration/lib/seal-ros-bridge/install/seal_msgs/include/seal_msgs/seal_msgs/srv/detail
-- Up-to-date: /home/jd/Documents/projet_integration/lib/seal-ros-bridge/install/seal_msgs/include/seal_msgs/seal_msgs/srv/detail/key_exchange__type_support.h
-- Up-to-date: /home/jd/Documents/projet_integration/lib/seal-ros-bridge/install/seal_msgs/include/seal_msgs/seal_msgs/srv/detail/key_exchange__struct.h
-- Up-to-date: /home/jd/Documents/projet_integration/lib/seal-ros-bridge/install/seal_msgs/include/seal_msgs/seal_msgs/srv/detail/key_exchange__functions.h
-- Up-to-date: /home/jd/Documents/projet_integration/lib/seal-ros-bridge/install/seal_msgs/include/seal_msgs/seal_msgs/srv/detail/key_exchange__functions.c
-- Up-to-date: /home/jd/Documents/projet_integration/lib/seal-ros-bridge/install/seal_msgs/include/seal_msgs/seal_msgs/srv/key_exchange.h
-- Up-to-date: /home/jd/Documents/projet_integration/lib/seal-ros-bridge/install/seal_msgs/share/seal_msgs/environment/library_path.sh
-- Up-to-date: /home/jd/Documents/projet_integration/lib/seal-ros-bridge/install/seal_msgs/share/seal_msgs/environment/library_path.dsv
-- Up-to-date: /home/jd/Documents/projet_integration/lib/seal-ros-bridge/install/seal_msgs/lib/libseal_msgs__rosidl_generator_c.so
-- Up-to-date: /home/jd/Documents/projet_integration/lib/seal-ros-bridge/install/seal_msgs/include/seal_msgs/seal_msgs
-- Up-to-date: /home/jd/Documents/projet_integration/lib/seal-ros-bridge/install/seal_msgs/include/seal_msgs/seal_msgs/msg
-- Up-to-date: /home/jd/Documents/projet_integration/lib/seal-ros-bridge/install/seal_msgs/include/seal_msgs/seal_msgs/msg/detail
-- Up-to-date: /home/jd/Documents/projet_integration/lib/seal-ros-bridge/install/seal_msgs/include/seal_msgs/seal_msgs/msg/detail/seal_data__rosidl_typesupport_fastrtps_c.h
-- Up-to-date: /home/jd/Documents/projet_integration/lib/seal-ros-bridge/install/seal_msgs/include/seal_msgs/seal_msgs/msg/rosidl_typesupport_fastrtps_c__visibility_control.h
-- Up-to-date: /home/jd/Documents/projet_integration/lib/seal-ros-bridge/install/seal_msgs/include/seal_msgs/seal_msgs/srv
-- Up-to-date: /home/jd/Documents/projet_integration/lib/seal-ros-bridge/install/seal_msgs/include/seal_msgs/seal_msgs/srv/detail
-- Up-to-date: /home/jd/Documents/projet_integration/lib/seal-ros-bridge/install/seal_msgs/include/seal_msgs/seal_msgs/srv/detail/key_exchange__rosidl_typesupport_fastrtps_c.h
-- Up-to-date: /home/jd/Documents/projet_integration/lib/seal-ros-bridge/install/seal_msgs/lib/libseal_msgs__rosidl_typesupport_fastrtps_c.so
-- Up-to-date: /home/jd/Documents/projet_integration/lib/seal-ros-bridge/install/seal_msgs/include/seal_msgs/seal_msgs
-- Up-to-date: /home/jd/Documents/projet_integration/lib/seal-ros-bridge/install/seal_msgs/include/seal_msgs/seal_msgs/msg
-- Up-to-date: /home/jd/Documents/projet_integration/lib/seal-ros-bridge/install/seal_msgs/include/seal_msgs/seal_msgs/msg/detail
-- Up-to-date: /home/jd/Documents/projet_integration/lib/seal-ros-bridge/install/seal_msgs/include/seal_msgs/seal_msgs/msg/detail/seal_data__rosidl_typesupport_introspection_c.h
-- Up-to-date: /home/jd/Documents/projet_integration/lib/seal-ros-bridge/install/seal_msgs/include/seal_msgs/seal_msgs/msg/detail/seal_data__type_support.c
-- Up-to-date: /home/jd/Documents/projet_integration/lib/seal-ros-bridge/install/seal_msgs/include/seal_msgs/seal_msgs/msg/rosidl_typesupport_introspection_c__visibility_control.h
-- Up-to-date: /home/jd/Documents/projet_integration/lib/seal-ros-bridge/install/seal_msgs/include/seal_msgs/seal_msgs/srv
-- Up-to-date: /home/jd/Documents/projet_integration/lib/seal-ros-bridge/install/seal_msgs/include/seal_msgs/seal_msgs/srv/detail
-- Up-to-date: /home/jd/Documents/projet_integration/lib/seal-ros-bridge/install/seal_msgs/include/seal_msgs/seal_msgs/srv/detail/key_exchange__rosidl_typesupport_introspection_c.h
-- Up-to-date: /home/jd/Documents/projet_integration/lib/seal-ros-bridge/install/seal_msgs/include/seal_msgs/seal_msgs/srv/detail/key_exchange__type_support.c
-- Up-to-date: /home/jd/Documents/projet_integration/lib/seal-ros-bridge/install/seal_msgs/lib/libseal_msgs__rosidl_typesupport_introspection_c.so
-- Up-to-date: /home/jd/Documents/projet_integration/lib/seal-ros-bridge/install/seal_msgs/lib/libseal_msgs__rosidl_typesupport_c.so
-- Up-to-date: /home/jd/Documents/projet_integration/lib/seal-ros-bridge/install/seal_msgs/include/seal_msgs/seal_msgs
-- Up-to-date: /home/jd/Documents/projet_integration/lib/seal-ros-bridge/install/seal_msgs/include/seal_msgs/seal_msgs/msg
-- Up-to-date: /home/jd/Documents/projet_integration/lib/seal-ros-bridge/install/seal_msgs/include/seal_msgs/seal_msgs/msg/detail
-- Up-to-date: /home/jd/Documents/projet_integration/lib/seal-ros-bridge/install/seal_msgs/include/seal_msgs/seal_msgs/msg/detail/seal_data__struct.hpp
-- Up-to-date: /home/jd/Documents/projet_integration/lib/seal-ros-bridge/install/seal_msgs/include/seal_msgs/seal_msgs/msg/detail/seal_data__traits.hpp
-- Up-to-date: /home/jd/Documents/projet_integration/lib/seal-ros-bridge/install/seal_msgs/include/seal_msgs/seal_msgs/msg/detail/seal_data__builder.hpp
-- Up-to-date: /home/jd/Documents/projet_integration/lib/seal-ros-bridge/install/seal_msgs/include/seal_msgs/seal_msgs/msg/seal_data.hpp
-- Up-to-date: /home/jd/Documents/projet_integration/lib/seal-ros-bridge/install/seal_msgs/include/seal_msgs/seal_msgs/srv
-- Up-to-date: /home/jd/Documents/projet_integration/lib/seal-ros-bridge/install/seal_msgs/include/seal_msgs/seal_msgs/srv/detail
-- Up-to-date: /home/jd/Documents/projet_integration/lib/seal-ros-bridge/install/seal_msgs/include/seal_msgs/seal_msgs/srv/detail/key_exchange__traits.hpp
-- Up-to-date: /home/jd/Documents/projet_integration/lib/seal-ros-bridge/install/seal_msgs/include/seal_msgs/seal_msgs/srv/detail/key_exchange__struct.hpp
-- Up-to-date: /home/jd/Documents/projet_integration/lib/seal-ros-bridge/install/seal_msgs/include/seal_msgs/seal_msgs/srv/detail/key_exchange__builder.hpp
-- Up-to-date: /home/jd/Documents/projet_integration/lib/seal-ros-bridge/install/seal_msgs/include/seal_msgs/seal_msgs/srv/key_exchange.hpp
-- Up-to-date: /home/jd/Documents/projet_integration/lib/seal-ros-bridge/install/seal_msgs/include/seal_msgs/seal_msgs
-- Up-to-date: /home/jd/Documents/projet_integration/lib/seal-ros-bridge/install/seal_msgs/include/seal_msgs/seal_msgs/msg
-- Up-to-date: /home/jd/Documents/projet_integration/lib/seal-ros-bridge/install/seal_msgs/include/seal_msgs/seal_msgs/msg/rosidl_typesupport_fastrtps_cpp__visibility_control.h
-- Up-to-date: /home/jd/Documents/projet_integration/lib/seal-ros-bridge/install/seal_msgs/include/seal_msgs/seal_msgs/msg/detail
-- Up-to-date: /home/jd/Documents/projet_integration/lib/seal-ros-bridge/install/seal_msgs/include/seal_msgs/seal_msgs/msg/detail/seal_data__rosidl_typesupport_fastrtps_cpp.hpp
-- Up-to-date: /home/jd/Documents/projet_integration/lib/seal-ros-bridge/install/seal_msgs/include/seal_msgs/seal_msgs/msg/detail/dds_fastrtps
-- Up-to-date: /home/jd/Documents/projet_integration/lib/seal-ros-bridge/install/seal_msgs/include/seal_msgs/seal_msgs/srv
-- Up-to-date: /home/jd/Documents/projet_integration/lib/seal-ros-bridge/install/seal_msgs/include/seal_msgs/seal_msgs/srv/detail
-- Up-to-date: /home/jd/Documents/projet_integration/lib/seal-ros-bridge/install/seal_msgs/include/seal_msgs/seal_msgs/srv/detail/dds_fastrtps
-- Up-to-date: /home/jd/Documents/projet_integration/lib/seal-ros-bridge/install/seal_msgs/include/seal_msgs/seal_msgs/srv/detail/key_exchange__rosidl_typesupport_fastrtps_cpp.hpp
-- Up-to-date: /home/jd/Documents/projet_integration/lib/seal-ros-bridge/install/seal_msgs/lib/libseal_msgs__rosidl_typesupport_fastrtps_cpp.so
-- Up-to-date: /home/jd/Documents/projet_integration/lib/seal-ros-bridge/install/seal_msgs/include/seal_msgs/seal_msgs
-- Up-to-date: /home/jd/Documents/projet_integration/lib/seal-ros-bridge/install/seal_msgs/include/seal_msgs/seal_msgs/msg
-- Up-to-date: /home/jd/Documents/projet_integration/lib/seal-ros-bridge/install/seal_msgs/include/seal_msgs/seal_msgs/msg/detail
-- Up-to-date: /home/jd/Documents/projet_integration/lib/seal-ros-bridge/install/seal_msgs/include/seal_msgs/seal_msgs/msg/detail/seal_data__rosidl_typesupport_introspection_cpp.hpp
-- Up-to-date: /home/jd/Documents/projet_integration/lib/seal-ros-bridge/install/seal_msgs/include/seal_msgs/seal_msgs/msg/detail/seal_data__type_support.cpp
-- Up-to-date: /home/jd/Documents/projet_integration/lib/seal-ros-bridge/install/seal_msgs/include/seal_msgs/seal_msgs/srv
-- Up-to-date: /home/jd/Documents/projet_integration/lib/seal-ros-bridge/install/seal_msgs/include/seal_msgs/seal_msgs/srv/detail
-- Up-to-date: /home/jd/Documents/projet_integration/lib/seal-ros-bridge/install/seal_msgs/include/seal_msgs/seal_msgs/srv/detail/key_exchange__type_support.cpp
-- Up-to-date: /home/jd/Documents/projet_integration/lib/seal-ros-bridge/install/seal_msgs/include/seal_msgs/seal_msgs/srv/detail/key_exchange__rosidl_typesupport_introspection_cpp.hpp
-- Up-to-date: /home/jd/Documents/projet_integration/lib/seal-ros-bridge/install/seal_msgs/lib/libseal_msgs__rosidl_typesupport_introspection_cpp.so
-- Up-to-date: /home/jd/Documents/projet_integration/lib/seal-ros-bridge/install/seal_msgs/lib/libseal_msgs__rosidl_typesupport_cpp.so
-- Up-to-date: /home/jd/Documents/projet_integration/lib/seal-ros-bridge/install/seal_msgs/share/seal_msgs/environment/pythonpath.sh
-- Up-to-date: /home/jd/Documents/projet_integration/lib/seal-ros-bridge/install/seal_msgs/share/seal_msgs/environment/pythonpath.dsv
-- Up-to-date: /home/jd/Documents/projet_integration/lib/seal-ros-bridge/install/seal_msgs/local/lib/python3.10/dist-packages/seal_msgs-1.0.0-py3.10.egg-info
-- Installing: /home/jd/Documents/projet_integration/lib/seal-ros-bridge/install/seal_msgs/local/lib/python3.10/dist-packages/seal_msgs-1.0.0-py3.10.egg-info/PKG-INFO
-- Installing: /home/jd/Documents/projet_integration/lib/seal-ros-bridge/install/seal_msgs/local/lib/python3.10/dist-packages/seal_msgs-1.0.0-py3.10.egg-info/SOURCES.txt
-- Installing: /home/jd/Documents/projet_integration/lib/seal-ros-bridge/install/seal_msgs/local/lib/python3.10/dist-packages/seal_msgs-1.0.0-py3.10.egg-info/top_level.txt
-- Installing: /home/jd/Documents/projet_integration/lib/seal-ros-bridge/install/seal_msgs/local/lib/python3.10/dist-packages/seal_msgs-1.0.0-py3.10.egg-info/dependency_links.txt
-- Up-to-date: /home/jd/Documents/projet_integration/lib/seal-ros-bridge/install/seal_msgs/local/lib/python3.10/dist-packages/seal_msgs
-- Up-to-date: /home/jd/Documents/projet_integration/lib/seal-ros-bridge/install/seal_msgs/local/lib/python3.10/dist-packages/seal_msgs/_seal_msgs_s.ep.rosidl_typesupport_fastrtps_c.c
-- Up-to-date: /home/jd/Documents/projet_integration/lib/seal-ros-bridge/install/seal_msgs/local/lib/python3.10/dist-packages/seal_msgs/seal_msgs_s__rosidl_typesupport_fastrtps_c.cpython-310-x86_64-linux-gnu.so
-- Up-to-date: /home/jd/Documents/projet_integration/lib/seal-ros-bridge/install/seal_msgs/local/lib/python3.10/dist-packages/seal_msgs/_seal_msgs_s.ep.rosidl_typesupport_c.c
-- Up-to-date: /home/jd/Documents/projet_integration/lib/seal-ros-bridge/install/seal_msgs/local/lib/python3.10/dist-packages/seal_msgs/libseal_msgs__rosidl_generator_py.so
-- Up-to-date: /home/jd/Documents/projet_integration/lib/seal-ros-bridge/install/seal_msgs/local/lib/python3.10/dist-packages/seal_msgs/msg
-- Up-to-date: /home/jd/Documents/projet_integration/lib/seal-ros-bridge/install/seal_msgs/local/lib/python3.10/dist-packages/seal_msgs/msg/_seal_data_s.c
-- Up-to-date: /home/jd/Documents/projet_integration/lib/seal-ros-bridge/install/seal_msgs/local/lib/python3.10/dist-packages/seal_msgs/msg/_seal_data.py
-- Up-to-date: /home/jd/Documents/projet_integration/lib/seal-ros-bridge/install/seal_msgs/local/lib/python3.10/dist-packages/seal_msgs/msg/__init__.py
-- Up-to-date: /home/jd/Documents/projet_integration/lib/seal-ros-bridge/install/seal_msgs/local/lib/python3.10/dist-packages/seal_msgs/srv
-- Up-to-date: /home/jd/Documents/projet_integration/lib/seal-ros-bridge/install/seal_msgs/local/lib/python3.10/dist-packages/seal_msgs/srv/_key_exchange.py
-- Up-to-date: /home/jd/Documents/projet_integration/lib/seal-ros-bridge/install/seal_msgs/local/lib/python3.10/dist-packages/seal_msgs/srv/_key_exchange_s.c
-- Up-to-date: /home/jd/Documents/projet_integration/lib/seal-ros-bridge/install/seal_msgs/local/lib/python3.10/dist-packages/seal_msgs/srv/__init__.py
-- Up-to-date: /home/jd/Documents/projet_integration/lib/seal-ros-bridge/install/seal_msgs/local/lib/python3.10/dist-packages/seal_msgs/seal_msgs_s__rosidl_typesupport_c.cpython-310-x86_64-linux-gnu.so
-- Up-to-date: /home/jd/Documents/projet_integration/lib/seal-ros-bridge/install/seal_msgs/local/lib/python3.10/dist-packages/seal_msgs/_seal_msgs_s.ep.rosidl_typesupport_introspection_c.c
-- Up-to-date: /home/jd/Documents/projet_integration/lib/seal-ros-bridge/install/seal_msgs/local/lib/python3.10/dist-packages/seal_msgs/seal_msgs_s__rosidl_typesupport_introspection_c.cpython-310-x86_64-linux-gnu.so
-- Up-to-date: /home/jd/Documents/projet_integration/lib/seal-ros-bridge/install/seal_msgs/local/lib/python3.10/dist-packages/seal_msgs/__init__.py
Listing '/home/jd/Documents/projet_integration/lib/seal-ros-bridge/install/seal_msgs/local/lib/python3.10/dist-packages/seal_msgs'...
Listing '/home/jd/Documents/projet_integration/lib/seal-ros-bridge/install/seal_msgs/local/lib/python3.10/dist-packages/seal_msgs/msg'...
Listing '/home/jd/Documents/projet_integration/lib/seal-ros-bridge/install/seal_msgs/local/lib/python3.10/dist-packages/seal_msgs/srv'...
-- Up-to-date: /home/jd/Documents/projet_integration/lib/seal-ros-bridge/install/seal_msgs/local/lib/python3.10/dist-packages/seal_msgs/seal_msgs_s__rosidl_typesupport_fastrtps_c.cpython-310-x86_64-linux-gnu.so
-- Up-to-date: /home/jd/Documents/projet_integration/lib/seal-ros-bridge/install/seal_msgs/local/lib/python3.10/dist-packages/seal_msgs/seal_msgs_s__rosidl_typesupport_introspection_c.cpython-310-x86_64-linux-gnu.so
-- Up-to-date: /home/jd/Documents/projet_integration/lib/seal-ros-bridge/install/seal_msgs/local/lib/python3.10/dist-packages/seal_msgs/seal_msgs_s__rosidl_typesupport_c.cpython-310-x86_64-linux-gnu.so
-- Up-to-date: /home/jd/Documents/projet_integration/lib/seal-ros-bridge/install/seal_msgs/lib/libseal_msgs__rosidl_generator_py.so
-- Up-to-date: /home/jd/Documents/projet_integration/lib/seal-ros-bridge/install/seal_msgs/share/seal_msgs/msg/SealData.idl
-- Up-to-date: /home/jd/Documents/projet_integration/lib/seal-ros-bridge/install/seal_msgs/share/seal_msgs/srv/KeyExchange.idl
-- Up-to-date: /home/jd/Documents/projet_integration/lib/seal-ros-bridge/install/seal_msgs/share/seal_msgs/msg/SealData.msg
-- Up-to-date: /home/jd/Documents/projet_integration/lib/seal-ros-bridge/install/seal_msgs/share/seal_msgs/srv/KeyExchange.srv
-- Up-to-date: /home/jd/Documents/projet_integration/lib/seal-ros-bridge/install/seal_msgs/share/seal_msgs/srv/KeyExchange_Request.msg
-- Up-to-date: /home/jd/Documents/projet_integration/lib/seal-ros-bridge/install/seal_msgs/share/seal_msgs/srv/KeyExchange_Response.msg
-- Up-to-date: /home/jd/Documents/projet_integration/lib/seal-ros-bridge/install/seal_msgs/share/ament_index/resource_index/package_run_dependencies/seal_msgs
-- Up-to-date: /home/jd/Documents/projet_integration/lib/seal-ros-bridge/install/seal_msgs/share/ament_index/resource_index/parent_prefix_path/seal_msgs
-- Up-to-date: /home/jd/Documents/projet_integration/lib/seal-ros-bridge/install/seal_msgs/share/seal_msgs/environment/ament_prefix_path.sh
-- Up-to-date: /home/jd/Documents/projet_integration/lib/seal-ros-bridge/install/seal_msgs/share/seal_msgs/environment/ament_prefix_path.dsv
-- Up-to-date: /home/jd/Documents/projet_integration/lib/seal-ros-bridge/install/seal_msgs/share/seal_msgs/environment/path.sh
-- Up-to-date: /home/jd/Documents/projet_integration/lib/seal-ros-bridge/install/seal_msgs/share/seal_msgs/environment/path.dsv
-- Up-to-date: /home/jd/Documents/projet_integration/lib/seal-ros-bridge/install/seal_msgs/share/seal_msgs/local_setup.bash
-- Up-to-date: /home/jd/Documents/projet_integration/lib/seal-ros-bridge/install/seal_msgs/share/seal_msgs/local_setup.sh
-- Up-to-date: /home/jd/Documents/projet_integration/lib/seal-ros-bridge/install/seal_msgs/share/seal_msgs/local_setup.zsh
-- Up-to-date: /home/jd/Documents/projet_integration/lib/seal-ros-bridge/install/seal_msgs/share/seal_msgs/local_setup.dsv
-- Installing: /home/jd/Documents/projet_integration/lib/seal-ros-bridge/install/seal_msgs/share/seal_msgs/package.dsv
-- Up-to-date: /home/jd/Documents/projet_integration/lib/seal-ros-bridge/install/seal_msgs/share/ament_index/resource_index/packages/seal_msgs
-- Up-to-date: /home/jd/Documents/projet_integration/lib/seal-ros-bridge/install/seal_msgs/share/seal_msgs/cmake/export_seal_msgs__rosidl_generator_cExport.cmake
-- Up-to-date: /home/jd/Documents/projet_integration/lib/seal-ros-bridge/install/seal_msgs/share/seal_msgs/cmake/export_seal_msgs__rosidl_generator_cExport-noconfig.cmake
-- Up-to-date: /home/jd/Documents/projet_integration/lib/seal-ros-bridge/install/seal_msgs/share/seal_msgs/cmake/export_seal_msgs__rosidl_typesupport_fastrtps_cExport.cmake
-- Up-to-date: /home/jd/Documents/projet_integration/lib/seal-ros-bridge/install/seal_msgs/share/seal_msgs/cmake/export_seal_msgs__rosidl_typesupport_fastrtps_cExport-noconfig.cmake
-- Up-to-date: /home/jd/Documents/projet_integration/lib/seal-ros-bridge/install/seal_msgs/share/seal_msgs/cmake/seal_msgs__rosidl_typesupport_introspection_cExport.cmake
-- Up-to-date: /home/jd/Documents/projet_integration/lib/seal-ros-bridge/install/seal_msgs/share/seal_msgs/cmake/seal_msgs__rosidl_typesupport_introspection_cExport-noconfig.cmake
-- Up-to-date: /home/jd/Documents/projet_integration/lib/seal-ros-bridge/install/seal_msgs/share/seal_msgs/cmake/seal_msgs__rosidl_typesupport_cExport.cmake
-- Up-to-date: /home/jd/Documents/projet_integration/lib/seal-ros-bridge/install/seal_msgs/share/seal_msgs/cmake/seal_msgs__rosidl_typesupport_cExport-noconfig.cmake
-- Up-to-date: /home/jd/Documents/projet_integration/lib/seal-ros-bridge/install/seal_msgs/share/seal_msgs/cmake/export_seal_msgs__rosidl_generator_cppExport.cmake
-- Up-to-date: /home/jd/Documents/projet_integration/lib/seal-ros-bridge/install/seal_msgs/share/seal_msgs/cmake/export_seal_msgs__rosidl_typesupport_fastrtps_cppExport.cmake
-- Up-to-date: /home/jd/Documents/projet_integration/lib/seal-ros-bridge/install/seal_msgs/share/seal_msgs/cmake/export_seal_msgs__rosidl_typesupport_fastrtps_cppExport-noconfig.cmake
-- Up-to-date: /home/jd/Documents/projet_integration/lib/seal-ros-bridge/install/seal_msgs/share/seal_msgs/cmake/seal_msgs__rosidl_typesupport_introspection_cppExport.cmake
-- Up-to-date: /home/jd/Documents/projet_integration/lib/seal-ros-bridge/install/seal_msgs/share/seal_msgs/cmake/seal_msgs__rosidl_typesupport_introspection_cppExport-noconfig.cmake
-- Up-to-date: /home/jd/Documents/projet_integration/lib/seal-ros-bridge/install/seal_msgs/share/seal_msgs/cmake/seal_msgs__rosidl_typesupport_cppExport.cmake
-- Up-to-date: /home/jd/Documents/projet_integration/lib/seal-ros-bridge/install/seal_msgs/share/seal_msgs/cmake/seal_msgs__rosidl_typesupport_cppExport-noconfig.cmake
-- Up-to-date: /home/jd/Documents/projet_integration/lib/seal-ros-bridge/install/seal_msgs/share/seal_msgs/cmake/export_seal_msgs__rosidl_generator_pyExport.cmake
-- Up-to-date: /home/jd/Documents/projet_integration/lib/seal-ros-bridge/install/seal_msgs/share/seal_msgs/cmake/export_seal_msgs__rosidl_generator_pyExport-noconfig.cmake
-- Up-to-date: /home/jd/Documents/projet_integration/lib/seal-ros-bridge/install/seal_msgs/share/seal_msgs/cmake/rosidl_cmake-extras.cmake
-- Up-to-date: /home/jd/Documents/projet_integration/lib/seal-ros-bridge/install/seal_msgs/share/seal_msgs/cmake/ament_cmake_export_include_directories-extras.cmake
-- Up-to-date: /home/jd/Documents/projet_integration/lib/seal-ros-bridge/install/seal_msgs/share/seal_msgs/cmake/ament_cmake_export_libraries-extras.cmake
-- Up-to-date: /home/jd/Documents/projet_integration/lib/seal-ros-bridge/install/seal_msgs/share/seal_msgs/cmake/ament_cmake_export_targets-extras.cmake
-- Up-to-date: /home/jd/Documents/projet_integration/lib/seal-ros-bridge/install/seal_msgs/share/seal_msgs/cmake/rosidl_cmake_export_typesupport_targets-extras.cmake
-- Up-to-date: /home/jd/Documents/projet_integration/lib/seal-ros-bridge/install/seal_msgs/share/seal_msgs/cmake/ament_cmake_export_dependencies-extras.cmake
-- Up-to-date: /home/jd/Documents/projet_integration/lib/seal-ros-bridge/install/seal_msgs/share/seal_msgs/cmake/rosidl_cmake_export_typesupport_libraries-extras.cmake
-- Up-to-date: /home/jd/Documents/projet_integration/lib/seal-ros-bridge/install/seal_msgs/share/seal_msgs/cmake/seal_msgsConfig.cmake
-- Up-to-date: /home/jd/Documents/projet_integration/lib/seal-ros-bridge/install/seal_msgs/share/seal_msgs/cmake/seal_msgsConfig-version.cmake
-- Up-to-date: /home/jd/Documents/projet_integration/lib/seal-ros-bridge/install/seal_msgs/share/seal_msgs/package.xml
